mode: set
github.com/nik-mLb/avito_task/internal/repository/dbconnector.go:9.65,18.2 1 0
github.com/nik-mLb/avito_task/internal/repository/auth/auth.go:27.38,29.2 1 0
github.com/nik-mLb/avito_task/internal/repository/auth/auth.go:31.128,44.2 3 0
github.com/nik-mLb/avito_task/internal/repository/auth/auth.go:46.98,51.26 3 0
github.com/nik-mLb/avito_task/internal/repository/auth/auth.go:51.26,53.3 1 0
github.com/nik-mLb/avito_task/internal/repository/auth/auth.go:55.2,55.19 1 0
github.com/nik-mLb/avito_task/internal/repository/product/product.go:43.58,45.2 1 0
github.com/nik-mLb/avito_task/internal/repository/product/product.go:47.123,51.16 3 0
github.com/nik-mLb/avito_task/internal/repository/product/product.go:51.16,52.27 1 0
github.com/nik-mLb/avito_task/internal/repository/product/product.go:52.27,54.4 1 0
github.com/nik-mLb/avito_task/internal/repository/product/product.go:55.3,55.18 1 0
github.com/nik-mLb/avito_task/internal/repository/product/product.go:59.2,63.21 3 0
github.com/nik-mLb/avito_task/internal/repository/product/product.go:66.91,69.19 2 0
github.com/nik-mLb/avito_task/internal/repository/product/product.go:69.19,71.6 1 0
github.com/nik-mLb/avito_task/internal/repository/product/product.go:72.5,77.19 4 0
github.com/nik-mLb/avito_task/internal/repository/product/product.go:77.19,78.33 1 0
github.com/nik-mLb/avito_task/internal/repository/product/product.go:78.33,80.10 1 0
github.com/nik-mLb/avito_task/internal/repository/product/product.go:81.9,81.19 1 0
github.com/nik-mLb/avito_task/internal/repository/product/product.go:85.5,86.19 2 0
github.com/nik-mLb/avito_task/internal/repository/product/product.go:86.19,88.6 1 0
github.com/nik-mLb/avito_task/internal/repository/product/product.go:91.5,91.23 1 0
github.com/nik-mLb/avito_task/internal/repository/reception/reception.go:39.62,41.2 1 0
github.com/nik-mLb/avito_task/internal/repository/reception/reception.go:43.135,47.16 3 0
github.com/nik-mLb/avito_task/internal/repository/reception/reception.go:47.16,49.3 1 0
github.com/nik-mLb/avito_task/internal/repository/reception/reception.go:50.2,50.12 1 0
github.com/nik-mLb/avito_task/internal/repository/reception/reception.go:50.12,52.3 1 0
github.com/nik-mLb/avito_task/internal/repository/reception/reception.go:55.2,59.23 3 0
github.com/nik-mLb/avito_task/internal/repository/reception/reception.go:62.111,68.19 3 0
github.com/nik-mLb/avito_task/internal/repository/reception/reception.go:68.19,69.33 1 0
github.com/nik-mLb/avito_task/internal/repository/reception/reception.go:69.33,71.10 1 0
github.com/nik-mLb/avito_task/internal/repository/reception/reception.go:72.9,72.24 1 0
github.com/nik-mLb/avito_task/internal/repository/reception/reception.go:75.5,75.26 1 0
github.com/nik-mLb/avito_task/internal/repository/pickup_point/pickup_point.go:40.66,42.2 1 0
github.com/nik-mLb/avito_task/internal/repository/pickup_point/pickup_point.go:44.114,55.2 3 0
github.com/nik-mLb/avito_task/internal/repository/pickup_point/pickup_point.go:57.171,61.16 3 0
github.com/nik-mLb/avito_task/internal/repository/pickup_point/pickup_point.go:61.16,63.3 1 0
github.com/nik-mLb/avito_task/internal/repository/pickup_point/pickup_point.go:64.2,68.18 3 0
github.com/nik-mLb/avito_task/internal/repository/pickup_point/pickup_point.go:68.18,82.17 3 0
github.com/nik-mLb/avito_task/internal/repository/pickup_point/pickup_point.go:82.17,84.4 1 0
github.com/nik-mLb/avito_task/internal/repository/pickup_point/pickup_point.go:87.3,87.43 1 0
github.com/nik-mLb/avito_task/internal/repository/pickup_point/pickup_point.go:87.43,92.4 1 0
github.com/nik-mLb/avito_task/internal/repository/pickup_point/pickup_point.go:95.3,95.18 1 0
github.com/nik-mLb/avito_task/internal/repository/pickup_point/pickup_point.go:95.18,101.45 4 0
github.com/nik-mLb/avito_task/internal/repository/pickup_point/pickup_point.go:101.45,102.60 1 0
github.com/nik-mLb/avito_task/internal/repository/pickup_point/pickup_point.go:102.60,104.11 2 0
github.com/nik-mLb/avito_task/internal/repository/pickup_point/pickup_point.go:109.4,109.23 1 0
github.com/nik-mLb/avito_task/internal/repository/pickup_point/pickup_point.go:109.23,115.5 2 0
github.com/nik-mLb/avito_task/internal/repository/pickup_point/pickup_point.go:118.4,118.20 1 0
github.com/nik-mLb/avito_task/internal/repository/pickup_point/pickup_point.go:118.20,122.5 3 0
github.com/nik-mLb/avito_task/internal/repository/pickup_point/pickup_point.go:126.2,126.34 1 0
github.com/nik-mLb/avito_task/internal/repository/pickup_point/pickup_point.go:126.34,128.3 1 0
github.com/nik-mLb/avito_task/internal/repository/pickup_point/pickup_point.go:131.2,132.28 2 0
github.com/nik-mLb/avito_task/internal/repository/pickup_point/pickup_point.go:132.28,134.3 1 0
github.com/nik-mLb/avito_task/internal/repository/pickup_point/pickup_point.go:136.2,136.20 1 0
github.com/nik-mLb/avito_task/internal/transport/middleware/jwt.go:19.79,20.46 1 0
github.com/nik-mLb/avito_task/internal/transport/middleware/jwt.go:20.46,21.72 1 0
github.com/nik-mLb/avito_task/internal/transport/middleware/jwt.go:21.72,24.18 2 0
github.com/nik-mLb/avito_task/internal/transport/middleware/jwt.go:24.18,27.5 2 0
github.com/nik-mLb/avito_task/internal/transport/middleware/jwt.go:30.4,31.18 2 0
github.com/nik-mLb/avito_task/internal/transport/middleware/jwt.go:31.18,34.5 2 0
github.com/nik-mLb/avito_task/internal/transport/middleware/jwt.go:37.4,41.41 3 0
github.com/nik-mLb/avito_task/internal/transport/middleware/logger.go:15.72,16.71 1 0
github.com/nik-mLb/avito_task/internal/transport/middleware/logger.go:16.71,37.16 9 0
github.com/nik-mLb/avito_task/internal/transport/middleware/logger.go:37.16,40.4 2 0
github.com/nik-mLb/avito_task/internal/transport/middleware/logger.go:42.3,42.40 1 0
github.com/nik-mLb/avito_task/internal/transport/middleware/role.go:9.77,10.46 1 0
github.com/nik-mLb/avito_task/internal/transport/middleware/role.go:10.46,11.72 1 0
github.com/nik-mLb/avito_task/internal/transport/middleware/role.go:11.72,14.11 2 0
github.com/nik-mLb/avito_task/internal/transport/middleware/role.go:14.11,17.5 2 0
github.com/nik-mLb/avito_task/internal/transport/middleware/role.go:20.4,21.35 2 0
github.com/nik-mLb/avito_task/internal/transport/middleware/role.go:21.35,22.18 1 0
github.com/nik-mLb/avito_task/internal/transport/middleware/role.go:22.18,24.11 2 0
github.com/nik-mLb/avito_task/internal/transport/middleware/role.go:28.4,28.16 1 0
github.com/nik-mLb/avito_task/internal/transport/middleware/role.go:28.16,31.5 2 0
github.com/nik-mLb/avito_task/internal/transport/middleware/role.go:33.4,33.24 1 0
github.com/nik-mLb/avito_task/internal/transport/auth/auth.go:24.39,26.2 1 0
github.com/nik-mLb/avito_task/internal/transport/auth/auth.go:28.74,30.61 2 0
github.com/nik-mLb/avito_task/internal/transport/auth/auth.go:30.61,33.3 2 0
github.com/nik-mLb/avito_task/internal/transport/auth/auth.go:35.2,36.16 2 0
github.com/nik-mLb/avito_task/internal/transport/auth/auth.go:36.16,39.3 2 0
github.com/nik-mLb/avito_task/internal/transport/auth/auth.go:41.2,43.71 2 0
github.com/nik-mLb/avito_task/internal/transport/auth/auth.go:46.69,48.61 2 0
github.com/nik-mLb/avito_task/internal/transport/auth/auth.go:48.61,51.3 2 0
github.com/nik-mLb/avito_task/internal/transport/auth/auth.go:53.2,54.16 2 0
github.com/nik-mLb/avito_task/internal/transport/auth/auth.go:54.16,57.3 2 0
github.com/nik-mLb/avito_task/internal/transport/auth/auth.go:59.2,68.67 3 0
github.com/nik-mLb/avito_task/internal/transport/auth/auth.go:71.72,73.61 2 0
github.com/nik-mLb/avito_task/internal/transport/auth/auth.go:73.61,76.3 2 0
github.com/nik-mLb/avito_task/internal/transport/auth/auth.go:78.2,79.16 2 0
github.com/nik-mLb/avito_task/internal/transport/auth/auth.go:79.16,80.14 1 0
github.com/nik-mLb/avito_task/internal/transport/auth/auth.go:81.31,82.77 1 0
github.com/nik-mLb/avito_task/internal/transport/auth/auth.go:83.11,84.93 1 0
github.com/nik-mLb/avito_task/internal/transport/auth/auth.go:86.3,86.9 1 0
github.com/nik-mLb/avito_task/internal/transport/auth/auth.go:89.2,98.72 3 0
github.com/nik-mLb/avito_task/internal/transport/middleware/logctx/logctx.go:10.76,12.2 1 0
github.com/nik-mLb/avito_task/internal/transport/middleware/logctx/logctx.go:14.51,15.70 1 0
github.com/nik-mLb/avito_task/internal/transport/middleware/logctx/logctx.go:15.70,17.3 1 0
github.com/nik-mLb/avito_task/internal/transport/middleware/logctx/logctx.go:19.2,19.38 1 0
github.com/nik-mLb/avito_task/internal/transport/jwt/jwt.go:23.54,28.2 1 0
github.com/nik-mLb/avito_task/internal/transport/jwt/jwt.go:30.68,45.2 5 0
github.com/nik-mLb/avito_task/internal/transport/jwt/jwt.go:47.70,48.107 1 0
github.com/nik-mLb/avito_task/internal/transport/jwt/jwt.go:48.107,49.58 1 0
github.com/nik-mLb/avito_task/internal/transport/jwt/jwt.go:49.58,51.4 1 0
github.com/nik-mLb/avito_task/internal/transport/jwt/jwt.go:52.3,52.29 1 0
github.com/nik-mLb/avito_task/internal/transport/jwt/jwt.go:55.2,55.16 1 0
github.com/nik-mLb/avito_task/internal/transport/jwt/jwt.go:55.16,57.3 1 0
github.com/nik-mLb/avito_task/internal/transport/jwt/jwt.go:59.2,59.64 1 0
github.com/nik-mLb/avito_task/internal/transport/jwt/jwt.go:59.64,61.3 1 0
github.com/nik-mLb/avito_task/internal/transport/jwt/jwt.go:63.2,63.34 1 0
github.com/nik-mLb/avito_task/internal/repository/auth/auth.go:27.38,29.2 1 1
github.com/nik-mLb/avito_task/internal/repository/auth/auth.go:31.128,44.2 3 1
github.com/nik-mLb/avito_task/internal/repository/auth/auth.go:46.98,51.26 3 1
github.com/nik-mLb/avito_task/internal/repository/auth/auth.go:51.26,53.3 1 1
github.com/nik-mLb/avito_task/internal/repository/auth/auth.go:55.2,55.19 1 1
github.com/nik-mLb/avito_task/internal/repository/pickup_point/pickup_point.go:40.66,42.2 1 1
github.com/nik-mLb/avito_task/internal/repository/pickup_point/pickup_point.go:44.114,55.2 3 1
github.com/nik-mLb/avito_task/internal/repository/pickup_point/pickup_point.go:57.171,61.16 3 1
github.com/nik-mLb/avito_task/internal/repository/pickup_point/pickup_point.go:61.16,63.3 1 1
github.com/nik-mLb/avito_task/internal/repository/pickup_point/pickup_point.go:64.2,68.18 3 1
github.com/nik-mLb/avito_task/internal/repository/pickup_point/pickup_point.go:68.18,82.17 3 1
github.com/nik-mLb/avito_task/internal/repository/pickup_point/pickup_point.go:82.17,84.4 1 0
github.com/nik-mLb/avito_task/internal/repository/pickup_point/pickup_point.go:87.3,87.43 1 1
github.com/nik-mLb/avito_task/internal/repository/pickup_point/pickup_point.go:87.43,92.4 1 1
github.com/nik-mLb/avito_task/internal/repository/pickup_point/pickup_point.go:95.3,95.18 1 1
github.com/nik-mLb/avito_task/internal/repository/pickup_point/pickup_point.go:95.18,101.45 4 1
github.com/nik-mLb/avito_task/internal/repository/pickup_point/pickup_point.go:101.45,102.60 1 0
github.com/nik-mLb/avito_task/internal/repository/pickup_point/pickup_point.go:102.60,104.11 2 0
github.com/nik-mLb/avito_task/internal/repository/pickup_point/pickup_point.go:109.4,109.23 1 1
github.com/nik-mLb/avito_task/internal/repository/pickup_point/pickup_point.go:109.23,115.5 2 1
github.com/nik-mLb/avito_task/internal/repository/pickup_point/pickup_point.go:118.4,118.20 1 1
github.com/nik-mLb/avito_task/internal/repository/pickup_point/pickup_point.go:118.20,122.5 3 1
github.com/nik-mLb/avito_task/internal/repository/pickup_point/pickup_point.go:126.2,126.34 1 1
github.com/nik-mLb/avito_task/internal/repository/pickup_point/pickup_point.go:126.34,128.3 1 0
github.com/nik-mLb/avito_task/internal/repository/pickup_point/pickup_point.go:131.2,132.28 2 1
github.com/nik-mLb/avito_task/internal/repository/pickup_point/pickup_point.go:132.28,134.3 1 1
github.com/nik-mLb/avito_task/internal/repository/pickup_point/pickup_point.go:136.2,136.20 1 1
github.com/nik-mLb/avito_task/internal/repository/product/product.go:43.58,45.2 1 1
github.com/nik-mLb/avito_task/internal/repository/product/product.go:47.123,51.16 3 1
github.com/nik-mLb/avito_task/internal/repository/product/product.go:51.16,52.27 1 1
github.com/nik-mLb/avito_task/internal/repository/product/product.go:52.27,54.4 1 1
github.com/nik-mLb/avito_task/internal/repository/product/product.go:55.3,55.18 1 0
github.com/nik-mLb/avito_task/internal/repository/product/product.go:59.2,63.21 3 1
github.com/nik-mLb/avito_task/internal/repository/product/product.go:66.91,69.19 2 1
github.com/nik-mLb/avito_task/internal/repository/product/product.go:69.19,71.6 1 1
github.com/nik-mLb/avito_task/internal/repository/product/product.go:72.5,77.19 4 1
github.com/nik-mLb/avito_task/internal/repository/product/product.go:77.19,78.33 1 1
github.com/nik-mLb/avito_task/internal/repository/product/product.go:78.33,80.10 1 1
github.com/nik-mLb/avito_task/internal/repository/product/product.go:81.9,81.19 1 0
github.com/nik-mLb/avito_task/internal/repository/product/product.go:85.5,86.19 2 1
github.com/nik-mLb/avito_task/internal/repository/product/product.go:86.19,88.6 1 0
github.com/nik-mLb/avito_task/internal/repository/product/product.go:91.5,91.23 1 1
github.com/nik-mLb/avito_task/internal/repository/reception/reception.go:39.62,41.2 1 1
github.com/nik-mLb/avito_task/internal/repository/reception/reception.go:43.135,47.16 3 1
github.com/nik-mLb/avito_task/internal/repository/reception/reception.go:47.16,49.3 1 0
github.com/nik-mLb/avito_task/internal/repository/reception/reception.go:50.2,50.12 1 1
github.com/nik-mLb/avito_task/internal/repository/reception/reception.go:50.12,52.3 1 1
github.com/nik-mLb/avito_task/internal/repository/reception/reception.go:55.2,59.23 3 1
github.com/nik-mLb/avito_task/internal/repository/reception/reception.go:62.111,68.19 3 1
github.com/nik-mLb/avito_task/internal/repository/reception/reception.go:68.19,69.33 1 1
github.com/nik-mLb/avito_task/internal/repository/reception/reception.go:69.33,71.10 1 1
github.com/nik-mLb/avito_task/internal/repository/reception/reception.go:72.9,72.24 1 0
github.com/nik-mLb/avito_task/internal/repository/reception/reception.go:75.5,75.26 1 1
github.com/nik-mLb/avito_task/internal/transport/pickup_point/pickup_point.go:26.71,28.2 1 0
github.com/nik-mLb/avito_task/internal/transport/pickup_point/pickup_point.go:30.88,32.61 2 0
github.com/nik-mLb/avito_task/internal/transport/pickup_point/pickup_point.go:32.61,35.3 2 0
github.com/nik-mLb/avito_task/internal/transport/pickup_point/pickup_point.go:37.2,38.16 2 0
github.com/nik-mLb/avito_task/internal/transport/pickup_point/pickup_point.go:38.16,39.14 1 0
github.com/nik-mLb/avito_task/internal/transport/pickup_point/pickup_point.go:40.31,41.81 1 0
github.com/nik-mLb/avito_task/internal/transport/pickup_point/pickup_point.go:42.11,43.102 1 0
github.com/nik-mLb/avito_task/internal/transport/pickup_point/pickup_point.go:45.3,45.9 1 0
github.com/nik-mLb/avito_task/internal/transport/pickup_point/pickup_point.go:48.2,48.76 1 0
github.com/nik-mLb/avito_task/internal/transport/pickup_point/pickup_point.go:51.100,57.56 3 0
github.com/nik-mLb/avito_task/internal/transport/pickup_point/pickup_point.go:57.56,58.63 1 0
github.com/nik-mLb/avito_task/internal/transport/pickup_point/pickup_point.go:58.63,60.4 1 0
github.com/nik-mLb/avito_task/internal/transport/pickup_point/pickup_point.go:62.2,62.50 1 0
github.com/nik-mLb/avito_task/internal/transport/pickup_point/pickup_point.go:62.50,63.61 1 0
github.com/nik-mLb/avito_task/internal/transport/pickup_point/pickup_point.go:63.61,65.4 1 0
github.com/nik-mLb/avito_task/internal/transport/pickup_point/pickup_point.go:69.2,70.14 2 0
github.com/nik-mLb/avito_task/internal/transport/pickup_point/pickup_point.go:70.14,72.3 1 0
github.com/nik-mLb/avito_task/internal/transport/pickup_point/pickup_point.go:74.2,75.29 2 0
github.com/nik-mLb/avito_task/internal/transport/pickup_point/pickup_point.go:75.29,77.3 1 0
github.com/nik-mLb/avito_task/internal/transport/pickup_point/pickup_point.go:80.2,81.16 2 0
github.com/nik-mLb/avito_task/internal/transport/pickup_point/pickup_point.go:81.16,84.3 2 0
github.com/nik-mLb/avito_task/internal/transport/pickup_point/pickup_point.go:87.2,88.30 2 0
github.com/nik-mLb/avito_task/internal/transport/pickup_point/pickup_point.go:88.30,90.39 2 0
github.com/nik-mLb/avito_task/internal/transport/pickup_point/pickup_point.go:90.39,95.4 1 0
github.com/nik-mLb/avito_task/internal/transport/pickup_point/pickup_point.go:97.3,100.5 1 0
github.com/nik-mLb/avito_task/internal/transport/pickup_point/pickup_point.go:103.2,103.64 1 0
github.com/nik-mLb/avito_task/internal/transport/product/product.go:25.59,27.2 1 0
github.com/nik-mLb/avito_task/internal/transport/product/product.go:29.77,31.61 2 0
github.com/nik-mLb/avito_task/internal/transport/product/product.go:31.61,34.3 2 0
github.com/nik-mLb/avito_task/internal/transport/product/product.go:36.2,37.16 2 0
github.com/nik-mLb/avito_task/internal/transport/product/product.go:37.16,38.14 1 0
github.com/nik-mLb/avito_task/internal/transport/product/product.go:39.34,40.90 1 0
github.com/nik-mLb/avito_task/internal/transport/product/product.go:41.11,42.95 1 0
github.com/nik-mLb/avito_task/internal/transport/product/product.go:44.3,44.9 1 0
github.com/nik-mLb/avito_task/internal/transport/product/product.go:47.2,47.72 1 0
github.com/nik-mLb/avito_task/internal/transport/product/product.go:50.84,56.19 4 0
github.com/nik-mLb/avito_task/internal/transport/product/product.go:56.19,57.20 1 0
github.com/nik-mLb/avito_task/internal/transport/product/product.go:58.41,59.115 1 0
github.com/nik-mLb/avito_task/internal/transport/product/product.go:60.17,61.98 1 0
github.com/nik-mLb/avito_task/internal/transport/product/product.go:63.9,63.15 1 0
github.com/nik-mLb/avito_task/internal/transport/product/product.go:66.5,66.33 1 0
github.com/nik-mLb/avito_task/internal/transport/reception/reception.go:25.65,27.2 1 0
github.com/nik-mLb/avito_task/internal/transport/reception/reception.go:29.84,31.61 2 0
github.com/nik-mLb/avito_task/internal/transport/reception/reception.go:31.61,34.3 2 0
github.com/nik-mLb/avito_task/internal/transport/reception/reception.go:36.2,37.16 2 0
github.com/nik-mLb/avito_task/internal/transport/reception/reception.go:37.16,38.14 1 0
github.com/nik-mLb/avito_task/internal/transport/reception/reception.go:39.38,40.96 1 0
github.com/nik-mLb/avito_task/internal/transport/reception/reception.go:41.11,42.100 1 0
github.com/nik-mLb/avito_task/internal/transport/reception/reception.go:44.3,44.9 1 0
github.com/nik-mLb/avito_task/internal/transport/reception/reception.go:47.2,47.74 1 0
github.com/nik-mLb/avito_task/internal/transport/reception/reception.go:50.83,56.19 4 0
github.com/nik-mLb/avito_task/internal/transport/reception/reception.go:56.19,57.20 1 0
github.com/nik-mLb/avito_task/internal/transport/reception/reception.go:58.47,59.93 1 0
github.com/nik-mLb/avito_task/internal/transport/reception/reception.go:60.17,61.99 1 0
github.com/nik-mLb/avito_task/internal/transport/reception/reception.go:63.9,63.15 1 0
github.com/nik-mLb/avito_task/internal/transport/reception/reception.go:66.2,66.69 1 0
github.com/nik-mLb/avito_task/internal/usecase/product/product.go:21.64,23.2 1 0
github.com/nik-mLb/avito_task/internal/usecase/product/product.go:25.111,28.16 2 0
github.com/nik-mLb/avito_task/internal/usecase/product/product.go:28.16,30.3 1 0
github.com/nik-mLb/avito_task/internal/usecase/product/product.go:33.2,33.41 1 0
github.com/nik-mLb/avito_task/internal/usecase/product/product.go:34.57,34.57 0 0
github.com/nik-mLb/avito_task/internal/usecase/product/product.go:36.10,37.66 1 0
github.com/nik-mLb/avito_task/internal/usecase/product/product.go:40.2,40.56 1 0
github.com/nik-mLb/avito_task/internal/usecase/product/product.go:43.86,46.19 2 0
github.com/nik-mLb/avito_task/internal/usecase/product/product.go:46.19,48.6 1 0
github.com/nik-mLb/avito_task/internal/usecase/product/product.go:50.5,50.53 1 0
github.com/nik-mLb/avito_task/internal/usecase/reception/reception.go:21.70,23.2 1 0
github.com/nik-mLb/avito_task/internal/usecase/reception/reception.go:25.107,28.16 2 0
github.com/nik-mLb/avito_task/internal/usecase/reception/reception.go:28.16,30.3 1 0
github.com/nik-mLb/avito_task/internal/usecase/reception/reception.go:32.2,34.61 2 0
github.com/nik-mLb/avito_task/internal/usecase/reception/reception.go:37.106,40.19 2 0
github.com/nik-mLb/avito_task/internal/usecase/reception/reception.go:40.19,42.6 1 0
github.com/nik-mLb/avito_task/internal/usecase/reception/reception.go:44.5,44.50 1 0
github.com/nik-mLb/avito_task/internal/usecase/auth/auth.go:32.70,37.2 1 0
github.com/nik-mLb/avito_task/internal/usecase/auth/auth.go:39.98,41.16 2 0
github.com/nik-mLb/avito_task/internal/usecase/auth/auth.go:41.16,43.3 1 0
github.com/nik-mLb/avito_task/internal/usecase/auth/auth.go:44.2,44.17 1 0
github.com/nik-mLb/avito_task/internal/usecase/auth/auth.go:44.17,46.3 1 0
github.com/nik-mLb/avito_task/internal/usecase/auth/auth.go:48.2,48.91 1 0
github.com/nik-mLb/avito_task/internal/usecase/auth/auth.go:48.91,50.3 1 0
github.com/nik-mLb/avito_task/internal/usecase/auth/auth.go:52.2,52.60 1 0
github.com/nik-mLb/avito_task/internal/usecase/auth/auth.go:55.100,56.25 1 0
github.com/nik-mLb/avito_task/internal/usecase/auth/auth.go:56.25,58.3 1 0
github.com/nik-mLb/avito_task/internal/usecase/auth/auth.go:60.2,61.16 2 0
github.com/nik-mLb/avito_task/internal/usecase/auth/auth.go:61.16,63.3 1 0
github.com/nik-mLb/avito_task/internal/usecase/auth/auth.go:65.2,66.16 2 0
github.com/nik-mLb/avito_task/internal/usecase/auth/auth.go:66.16,68.3 1 0
github.com/nik-mLb/avito_task/internal/usecase/auth/auth.go:70.2,70.60 1 0
github.com/nik-mLb/avito_task/internal/usecase/auth/auth.go:73.64,75.2 1 0
github.com/nik-mLb/avito_task/internal/transport/utils/response.go:12.88,17.16 4 0
github.com/nik-mLb/avito_task/internal/transport/utils/response.go:17.16,20.3 2 0
github.com/nik-mLb/avito_task/internal/transport/utils/response.go:22.2,22.41 1 0
github.com/nik-mLb/avito_task/internal/transport/utils/response.go:22.41,24.3 1 0
github.com/nik-mLb/avito_task/internal/transport/utils/response.go:27.93,28.17 1 0
github.com/nik-mLb/avito_task/internal/transport/utils/response.go:28.17,31.3 2 0
github.com/nik-mLb/avito_task/internal/transport/utils/response.go:33.2,35.16 3 0
github.com/nik-mLb/avito_task/internal/transport/utils/response.go:35.16,39.3 3 0
github.com/nik-mLb/avito_task/internal/transport/utils/response.go:41.2,42.41 2 0
github.com/nik-mLb/avito_task/internal/transport/utils/response.go:42.41,44.3 1 0
github.com/nik-mLb/avito_task/internal/usecase/pickup_point/pickup_point.go:30.76,32.2 1 0
github.com/nik-mLb/avito_task/internal/usecase/pickup_point/pickup_point.go:34.112,35.26 1 0
github.com/nik-mLb/avito_task/internal/usecase/pickup_point/pickup_point.go:35.26,37.3 1 0
github.com/nik-mLb/avito_task/internal/usecase/pickup_point/pickup_point.go:39.2,39.45 1 0
github.com/nik-mLb/avito_task/internal/usecase/pickup_point/pickup_point.go:42.169,43.17 1 0
github.com/nik-mLb/avito_task/internal/usecase/pickup_point/pickup_point.go:43.17,45.6 1 0
github.com/nik-mLb/avito_task/internal/usecase/pickup_point/pickup_point.go:46.5,46.32 1 0
github.com/nik-mLb/avito_task/internal/usecase/pickup_point/pickup_point.go:46.32,48.6 1 0
github.com/nik-mLb/avito_task/internal/usecase/pickup_point/pickup_point.go:50.5,50.87 1 0
github.com/nik-mLb/avito_task/internal/transport/auth/auth.go:24.39,26.2 1 1
github.com/nik-mLb/avito_task/internal/transport/auth/auth.go:28.74,30.61 2 1
github.com/nik-mLb/avito_task/internal/transport/auth/auth.go:30.61,33.3 2 0
github.com/nik-mLb/avito_task/internal/transport/auth/auth.go:35.2,36.16 2 1
github.com/nik-mLb/avito_task/internal/transport/auth/auth.go:36.16,39.3 2 1
github.com/nik-mLb/avito_task/internal/transport/auth/auth.go:41.2,43.71 2 1
github.com/nik-mLb/avito_task/internal/transport/auth/auth.go:46.69,48.61 2 1
github.com/nik-mLb/avito_task/internal/transport/auth/auth.go:48.61,51.3 2 0
github.com/nik-mLb/avito_task/internal/transport/auth/auth.go:53.2,54.16 2 1
github.com/nik-mLb/avito_task/internal/transport/auth/auth.go:54.16,57.3 2 1
github.com/nik-mLb/avito_task/internal/transport/auth/auth.go:59.2,68.67 3 1
github.com/nik-mLb/avito_task/internal/transport/auth/auth.go:71.72,73.61 2 1
github.com/nik-mLb/avito_task/internal/transport/auth/auth.go:73.61,76.3 2 0
github.com/nik-mLb/avito_task/internal/transport/auth/auth.go:78.2,79.16 2 1
github.com/nik-mLb/avito_task/internal/transport/auth/auth.go:79.16,80.14 1 1
github.com/nik-mLb/avito_task/internal/transport/auth/auth.go:81.31,82.77 1 1
github.com/nik-mLb/avito_task/internal/transport/auth/auth.go:83.11,84.93 1 1
github.com/nik-mLb/avito_task/internal/transport/auth/auth.go:86.3,86.9 1 1
github.com/nik-mLb/avito_task/internal/transport/auth/auth.go:89.2,98.72 3 1
github.com/nik-mLb/avito_task/internal/transport/middleware/logctx/logctx.go:10.76,12.2 1 0
github.com/nik-mLb/avito_task/internal/transport/middleware/logctx/logctx.go:14.51,15.70 1 0
github.com/nik-mLb/avito_task/internal/transport/middleware/logctx/logctx.go:15.70,17.3 1 0
github.com/nik-mLb/avito_task/internal/transport/middleware/logctx/logctx.go:19.2,19.38 1 0
github.com/nik-mLb/avito_task/internal/transport/pickup_point/pickup_point.go:26.71,28.2 1 1
github.com/nik-mLb/avito_task/internal/transport/pickup_point/pickup_point.go:30.88,32.61 2 1
github.com/nik-mLb/avito_task/internal/transport/pickup_point/pickup_point.go:32.61,35.3 2 0
github.com/nik-mLb/avito_task/internal/transport/pickup_point/pickup_point.go:37.2,38.16 2 1
github.com/nik-mLb/avito_task/internal/transport/pickup_point/pickup_point.go:38.16,39.14 1 1
github.com/nik-mLb/avito_task/internal/transport/pickup_point/pickup_point.go:40.31,41.81 1 1
github.com/nik-mLb/avito_task/internal/transport/pickup_point/pickup_point.go:42.11,43.102 1 1
github.com/nik-mLb/avito_task/internal/transport/pickup_point/pickup_point.go:45.3,45.9 1 1
github.com/nik-mLb/avito_task/internal/transport/pickup_point/pickup_point.go:48.2,48.76 1 1
github.com/nik-mLb/avito_task/internal/transport/pickup_point/pickup_point.go:51.100,57.56 3 1
github.com/nik-mLb/avito_task/internal/transport/pickup_point/pickup_point.go:57.56,58.63 1 1
github.com/nik-mLb/avito_task/internal/transport/pickup_point/pickup_point.go:58.63,60.4 1 1
github.com/nik-mLb/avito_task/internal/transport/pickup_point/pickup_point.go:62.2,62.50 1 1
github.com/nik-mLb/avito_task/internal/transport/pickup_point/pickup_point.go:62.50,63.61 1 1
github.com/nik-mLb/avito_task/internal/transport/pickup_point/pickup_point.go:63.61,65.4 1 1
github.com/nik-mLb/avito_task/internal/transport/pickup_point/pickup_point.go:69.2,70.14 2 1
github.com/nik-mLb/avito_task/internal/transport/pickup_point/pickup_point.go:70.14,72.3 1 1
github.com/nik-mLb/avito_task/internal/transport/pickup_point/pickup_point.go:74.2,75.29 2 1
github.com/nik-mLb/avito_task/internal/transport/pickup_point/pickup_point.go:75.29,77.3 1 1
github.com/nik-mLb/avito_task/internal/transport/pickup_point/pickup_point.go:80.2,81.16 2 1
github.com/nik-mLb/avito_task/internal/transport/pickup_point/pickup_point.go:81.16,84.3 2 1
github.com/nik-mLb/avito_task/internal/transport/pickup_point/pickup_point.go:87.2,88.30 2 1
github.com/nik-mLb/avito_task/internal/transport/pickup_point/pickup_point.go:88.30,90.39 2 1
github.com/nik-mLb/avito_task/internal/transport/pickup_point/pickup_point.go:90.39,95.4 1 1
github.com/nik-mLb/avito_task/internal/transport/pickup_point/pickup_point.go:97.3,100.5 1 1
github.com/nik-mLb/avito_task/internal/transport/pickup_point/pickup_point.go:103.2,103.64 1 1
github.com/nik-mLb/avito_task/internal/transport/product/product.go:25.59,27.2 1 1
github.com/nik-mLb/avito_task/internal/transport/product/product.go:29.77,31.61 2 1
github.com/nik-mLb/avito_task/internal/transport/product/product.go:31.61,34.3 2 1
github.com/nik-mLb/avito_task/internal/transport/product/product.go:36.2,37.16 2 1
github.com/nik-mLb/avito_task/internal/transport/product/product.go:37.16,38.14 1 1
github.com/nik-mLb/avito_task/internal/transport/product/product.go:39.34,40.90 1 1
github.com/nik-mLb/avito_task/internal/transport/product/product.go:41.11,42.95 1 1
github.com/nik-mLb/avito_task/internal/transport/product/product.go:44.3,44.9 1 1
github.com/nik-mLb/avito_task/internal/transport/product/product.go:47.2,47.72 1 1
github.com/nik-mLb/avito_task/internal/transport/product/product.go:50.84,56.19 4 1
github.com/nik-mLb/avito_task/internal/transport/product/product.go:56.19,57.20 1 1
github.com/nik-mLb/avito_task/internal/transport/product/product.go:58.41,59.115 1 1
github.com/nik-mLb/avito_task/internal/transport/product/product.go:60.17,61.98 1 1
github.com/nik-mLb/avito_task/internal/transport/product/product.go:63.9,63.15 1 1
github.com/nik-mLb/avito_task/internal/transport/product/product.go:66.5,66.33 1 1
github.com/nik-mLb/avito_task/internal/transport/reception/reception.go:25.65,27.2 1 1
github.com/nik-mLb/avito_task/internal/transport/reception/reception.go:29.84,31.61 2 1
github.com/nik-mLb/avito_task/internal/transport/reception/reception.go:31.61,34.3 2 0
github.com/nik-mLb/avito_task/internal/transport/reception/reception.go:36.2,37.16 2 1
github.com/nik-mLb/avito_task/internal/transport/reception/reception.go:37.16,38.14 1 1
github.com/nik-mLb/avito_task/internal/transport/reception/reception.go:39.38,40.96 1 1
github.com/nik-mLb/avito_task/internal/transport/reception/reception.go:41.11,42.100 1 1
github.com/nik-mLb/avito_task/internal/transport/reception/reception.go:44.3,44.9 1 1
github.com/nik-mLb/avito_task/internal/transport/reception/reception.go:47.2,47.74 1 1
github.com/nik-mLb/avito_task/internal/transport/reception/reception.go:50.83,56.19 4 1
github.com/nik-mLb/avito_task/internal/transport/reception/reception.go:56.19,57.20 1 1
github.com/nik-mLb/avito_task/internal/transport/reception/reception.go:58.47,59.93 1 1
github.com/nik-mLb/avito_task/internal/transport/reception/reception.go:60.17,61.99 1 1
github.com/nik-mLb/avito_task/internal/transport/reception/reception.go:63.9,63.15 1 1
github.com/nik-mLb/avito_task/internal/transport/reception/reception.go:66.2,66.69 1 1
github.com/nik-mLb/avito_task/internal/transport/utils/response.go:12.88,17.16 4 1
github.com/nik-mLb/avito_task/internal/transport/utils/response.go:17.16,20.3 2 0
github.com/nik-mLb/avito_task/internal/transport/utils/response.go:22.2,22.41 1 1
github.com/nik-mLb/avito_task/internal/transport/utils/response.go:22.41,24.3 1 0
github.com/nik-mLb/avito_task/internal/transport/utils/response.go:27.93,28.17 1 1
github.com/nik-mLb/avito_task/internal/transport/utils/response.go:28.17,31.3 2 0
github.com/nik-mLb/avito_task/internal/transport/utils/response.go:33.2,35.16 3 1
github.com/nik-mLb/avito_task/internal/transport/utils/response.go:35.16,39.3 3 0
github.com/nik-mLb/avito_task/internal/transport/utils/response.go:41.2,42.41 2 1
github.com/nik-mLb/avito_task/internal/transport/utils/response.go:42.41,44.3 1 0
github.com/nik-mLb/avito_task/internal/transport/jwt/jwt.go:23.54,28.2 1 1
github.com/nik-mLb/avito_task/internal/transport/jwt/jwt.go:30.68,45.2 5 1
github.com/nik-mLb/avito_task/internal/transport/jwt/jwt.go:47.70,48.107 1 1
github.com/nik-mLb/avito_task/internal/transport/jwt/jwt.go:48.107,49.58 1 1
github.com/nik-mLb/avito_task/internal/transport/jwt/jwt.go:49.58,51.4 1 0
github.com/nik-mLb/avito_task/internal/transport/jwt/jwt.go:52.3,52.29 1 1
github.com/nik-mLb/avito_task/internal/transport/jwt/jwt.go:55.2,55.16 1 1
github.com/nik-mLb/avito_task/internal/transport/jwt/jwt.go:55.16,57.3 1 0
github.com/nik-mLb/avito_task/internal/transport/jwt/jwt.go:59.2,59.64 1 1
github.com/nik-mLb/avito_task/internal/transport/jwt/jwt.go:59.64,61.3 1 1
github.com/nik-mLb/avito_task/internal/transport/jwt/jwt.go:63.2,63.34 1 0
github.com/nik-mLb/avito_task/internal/usecase/auth/auth.go:32.70,37.2 1 1
github.com/nik-mLb/avito_task/internal/usecase/auth/auth.go:39.98,41.16 2 1
github.com/nik-mLb/avito_task/internal/usecase/auth/auth.go:41.16,43.3 1 1
github.com/nik-mLb/avito_task/internal/usecase/auth/auth.go:44.2,44.17 1 1
github.com/nik-mLb/avito_task/internal/usecase/auth/auth.go:44.17,46.3 1 1
github.com/nik-mLb/avito_task/internal/usecase/auth/auth.go:48.2,48.91 1 1
github.com/nik-mLb/avito_task/internal/usecase/auth/auth.go:48.91,50.3 1 1
github.com/nik-mLb/avito_task/internal/usecase/auth/auth.go:52.2,52.60 1 1
github.com/nik-mLb/avito_task/internal/usecase/auth/auth.go:55.100,56.25 1 1
github.com/nik-mLb/avito_task/internal/usecase/auth/auth.go:56.25,58.3 1 1
github.com/nik-mLb/avito_task/internal/usecase/auth/auth.go:60.2,61.16 2 1
github.com/nik-mLb/avito_task/internal/usecase/auth/auth.go:61.16,63.3 1 0
github.com/nik-mLb/avito_task/internal/usecase/auth/auth.go:65.2,66.16 2 1
github.com/nik-mLb/avito_task/internal/usecase/auth/auth.go:66.16,68.3 1 1
github.com/nik-mLb/avito_task/internal/usecase/auth/auth.go:70.2,70.60 1 1
github.com/nik-mLb/avito_task/internal/usecase/auth/auth.go:73.64,75.2 1 1
github.com/nik-mLb/avito_task/internal/usecase/pickup_point/pickup_point.go:30.76,32.2 1 1
github.com/nik-mLb/avito_task/internal/usecase/pickup_point/pickup_point.go:34.112,35.26 1 1
github.com/nik-mLb/avito_task/internal/usecase/pickup_point/pickup_point.go:35.26,37.3 1 1
github.com/nik-mLb/avito_task/internal/usecase/pickup_point/pickup_point.go:39.2,39.45 1 1
github.com/nik-mLb/avito_task/internal/usecase/pickup_point/pickup_point.go:42.169,43.17 1 1
github.com/nik-mLb/avito_task/internal/usecase/pickup_point/pickup_point.go:43.17,45.6 1 0
github.com/nik-mLb/avito_task/internal/usecase/pickup_point/pickup_point.go:46.5,46.32 1 1
github.com/nik-mLb/avito_task/internal/usecase/pickup_point/pickup_point.go:46.32,48.6 1 0
github.com/nik-mLb/avito_task/internal/usecase/pickup_point/pickup_point.go:50.5,50.87 1 1
github.com/nik-mLb/avito_task/internal/usecase/product/product.go:21.64,23.2 1 1
github.com/nik-mLb/avito_task/internal/usecase/product/product.go:25.111,28.16 2 1
github.com/nik-mLb/avito_task/internal/usecase/product/product.go:28.16,30.3 1 1
github.com/nik-mLb/avito_task/internal/usecase/product/product.go:33.2,33.41 1 1
github.com/nik-mLb/avito_task/internal/usecase/product/product.go:34.57,34.57 0 1
github.com/nik-mLb/avito_task/internal/usecase/product/product.go:36.10,37.66 1 1
github.com/nik-mLb/avito_task/internal/usecase/product/product.go:40.2,40.56 1 1
github.com/nik-mLb/avito_task/internal/usecase/product/product.go:43.86,46.19 2 1
github.com/nik-mLb/avito_task/internal/usecase/product/product.go:46.19,48.6 1 1
github.com/nik-mLb/avito_task/internal/usecase/product/product.go:50.5,50.53 1 1
github.com/nik-mLb/avito_task/internal/usecase/reception/reception.go:21.70,23.2 1 1
github.com/nik-mLb/avito_task/internal/usecase/reception/reception.go:25.107,28.16 2 1
github.com/nik-mLb/avito_task/internal/usecase/reception/reception.go:28.16,30.3 1 1
github.com/nik-mLb/avito_task/internal/usecase/reception/reception.go:32.2,34.61 2 1
github.com/nik-mLb/avito_task/internal/usecase/reception/reception.go:37.106,40.19 2 1
github.com/nik-mLb/avito_task/internal/usecase/reception/reception.go:40.19,42.6 1 1
github.com/nik-mLb/avito_task/internal/usecase/reception/reception.go:44.5,44.50 1 1
