mode: set
github.com/nik-mLb/avito_task/internal/repository/dbconnector.go:9.65,18.2 1 0
github.com/nik-mLb/avito_task/internal/repository/pickup_point/pickup_point.go:41.66,43.2 1 0
github.com/nik-mLb/avito_task/internal/repository/pickup_point/pickup_point.go:45.114,58.16 5 0
github.com/nik-mLb/avito_task/internal/repository/pickup_point/pickup_point.go:58.16,61.3 2 0
github.com/nik-mLb/avito_task/internal/repository/pickup_point/pickup_point.go:63.2,63.25 1 0
github.com/nik-mLb/avito_task/internal/repository/pickup_point/pickup_point.go:66.171,77.16 5 0
github.com/nik-mLb/avito_task/internal/repository/pickup_point/pickup_point.go:77.16,80.3 2 0
github.com/nik-mLb/avito_task/internal/repository/pickup_point/pickup_point.go:81.2,85.18 3 0
github.com/nik-mLb/avito_task/internal/repository/pickup_point/pickup_point.go:85.18,99.17 3 0
github.com/nik-mLb/avito_task/internal/repository/pickup_point/pickup_point.go:99.17,102.12 3 0
github.com/nik-mLb/avito_task/internal/repository/pickup_point/pickup_point.go:106.3,106.43 1 0
github.com/nik-mLb/avito_task/internal/repository/pickup_point/pickup_point.go:106.43,111.4 1 0
github.com/nik-mLb/avito_task/internal/repository/pickup_point/pickup_point.go:114.3,114.18 1 0
github.com/nik-mLb/avito_task/internal/repository/pickup_point/pickup_point.go:114.18,120.45 4 0
github.com/nik-mLb/avito_task/internal/repository/pickup_point/pickup_point.go:120.45,121.60 1 0
github.com/nik-mLb/avito_task/internal/repository/pickup_point/pickup_point.go:121.60,123.11 2 0
github.com/nik-mLb/avito_task/internal/repository/pickup_point/pickup_point.go:128.4,128.23 1 0
github.com/nik-mLb/avito_task/internal/repository/pickup_point/pickup_point.go:128.23,134.5 2 0
github.com/nik-mLb/avito_task/internal/repository/pickup_point/pickup_point.go:137.4,137.20 1 0
github.com/nik-mLb/avito_task/internal/repository/pickup_point/pickup_point.go:137.20,141.5 3 0
github.com/nik-mLb/avito_task/internal/repository/pickup_point/pickup_point.go:145.2,145.34 1 0
github.com/nik-mLb/avito_task/internal/repository/pickup_point/pickup_point.go:145.34,148.3 2 0
github.com/nik-mLb/avito_task/internal/repository/pickup_point/pickup_point.go:151.2,152.28 2 0
github.com/nik-mLb/avito_task/internal/repository/pickup_point/pickup_point.go:152.28,154.3 1 0
github.com/nik-mLb/avito_task/internal/repository/pickup_point/pickup_point.go:156.2,156.20 1 0
github.com/nik-mLb/avito_task/internal/repository/product/product.go:47.58,49.2 1 0
github.com/nik-mLb/avito_task/internal/repository/product/product.go:51.123,57.16 5 0
github.com/nik-mLb/avito_task/internal/repository/product/product.go:57.16,58.36 1 0
github.com/nik-mLb/avito_task/internal/repository/product/product.go:58.36,61.4 2 0
github.com/nik-mLb/avito_task/internal/repository/product/product.go:62.3,63.44 2 0
github.com/nik-mLb/avito_task/internal/repository/product/product.go:66.2,70.19 3 0
github.com/nik-mLb/avito_task/internal/repository/product/product.go:70.19,73.6 2 0
github.com/nik-mLb/avito_task/internal/repository/product/product.go:75.2,75.21 1 0
github.com/nik-mLb/avito_task/internal/repository/product/product.go:78.91,83.19 4 0
github.com/nik-mLb/avito_task/internal/repository/product/product.go:83.19,86.3 2 0
github.com/nik-mLb/avito_task/internal/repository/product/product.go:87.5,91.19 4 0
github.com/nik-mLb/avito_task/internal/repository/product/product.go:91.19,92.36 1 0
github.com/nik-mLb/avito_task/internal/repository/product/product.go:92.36,95.4 2 0
github.com/nik-mLb/avito_task/internal/repository/product/product.go:96.3,97.39 2 0
github.com/nik-mLb/avito_task/internal/repository/product/product.go:100.5,101.19 2 0
github.com/nik-mLb/avito_task/internal/repository/product/product.go:101.19,104.3 2 0
github.com/nik-mLb/avito_task/internal/repository/product/product.go:106.2,106.36 1 0
github.com/nik-mLb/avito_task/internal/repository/product/product.go:106.36,109.3 2 0
github.com/nik-mLb/avito_task/internal/repository/product/product.go:111.5,111.15 1 0
github.com/nik-mLb/avito_task/internal/repository/auth/auth.go:30.38,32.2 1 0
github.com/nik-mLb/avito_task/internal/repository/auth/auth.go:34.128,51.16 5 0
github.com/nik-mLb/avito_task/internal/repository/auth/auth.go:51.16,54.3 2 0
github.com/nik-mLb/avito_task/internal/repository/auth/auth.go:56.2,56.18 1 0
github.com/nik-mLb/avito_task/internal/repository/auth/auth.go:59.98,67.16 5 0
github.com/nik-mLb/avito_task/internal/repository/auth/auth.go:67.16,68.36 1 0
github.com/nik-mLb/avito_task/internal/repository/auth/auth.go:68.36,71.4 2 0
github.com/nik-mLb/avito_task/internal/repository/auth/auth.go:72.3,73.44 2 0
github.com/nik-mLb/avito_task/internal/repository/auth/auth.go:76.2,76.19 1 0
github.com/nik-mLb/avito_task/internal/repository/reception/reception.go:43.62,45.2 1 0
github.com/nik-mLb/avito_task/internal/repository/reception/reception.go:47.135,53.16 5 0
github.com/nik-mLb/avito_task/internal/repository/reception/reception.go:53.16,56.3 2 0
github.com/nik-mLb/avito_task/internal/repository/reception/reception.go:57.2,57.12 1 0
github.com/nik-mLb/avito_task/internal/repository/reception/reception.go:57.12,60.3 2 0
github.com/nik-mLb/avito_task/internal/repository/reception/reception.go:62.2,66.16 3 0
github.com/nik-mLb/avito_task/internal/repository/reception/reception.go:66.16,69.3 2 0
github.com/nik-mLb/avito_task/internal/repository/reception/reception.go:71.2,71.23 1 0
github.com/nik-mLb/avito_task/internal/repository/reception/reception.go:74.111,83.19 5 0
github.com/nik-mLb/avito_task/internal/repository/reception/reception.go:83.19,84.36 1 0
github.com/nik-mLb/avito_task/internal/repository/reception/reception.go:84.36,87.4 2 0
github.com/nik-mLb/avito_task/internal/repository/reception/reception.go:88.3,89.44 2 0
github.com/nik-mLb/avito_task/internal/repository/reception/reception.go:92.5,92.26 1 0
github.com/nik-mLb/avito_task/internal/transport/auth/auth.go:25.39,27.2 1 0
github.com/nik-mLb/avito_task/internal/transport/auth/auth.go:29.74,34.61 4 0
github.com/nik-mLb/avito_task/internal/transport/auth/auth.go:34.61,38.3 3 0
github.com/nik-mLb/avito_task/internal/transport/auth/auth.go:40.2,41.16 2 0
github.com/nik-mLb/avito_task/internal/transport/auth/auth.go:41.16,45.3 3 0
github.com/nik-mLb/avito_task/internal/transport/auth/auth.go:47.2,49.71 2 0
github.com/nik-mLb/avito_task/internal/transport/auth/auth.go:52.69,57.61 4 0
github.com/nik-mLb/avito_task/internal/transport/auth/auth.go:57.61,61.3 3 0
github.com/nik-mLb/avito_task/internal/transport/auth/auth.go:63.2,64.16 2 0
github.com/nik-mLb/avito_task/internal/transport/auth/auth.go:64.16,68.3 3 0
github.com/nik-mLb/avito_task/internal/transport/auth/auth.go:70.2,79.67 3 0
github.com/nik-mLb/avito_task/internal/transport/auth/auth.go:82.72,87.61 4 0
github.com/nik-mLb/avito_task/internal/transport/auth/auth.go:87.61,91.3 3 0
github.com/nik-mLb/avito_task/internal/transport/auth/auth.go:93.2,94.16 2 0
github.com/nik-mLb/avito_task/internal/transport/auth/auth.go:94.16,96.14 2 0
github.com/nik-mLb/avito_task/internal/transport/auth/auth.go:97.31,98.77 1 0
github.com/nik-mLb/avito_task/internal/transport/auth/auth.go:99.11,100.93 1 0
github.com/nik-mLb/avito_task/internal/transport/auth/auth.go:102.3,102.9 1 0
github.com/nik-mLb/avito_task/internal/transport/auth/auth.go:105.2,114.72 3 0
github.com/nik-mLb/avito_task/internal/transport/jwt/jwt.go:23.54,28.2 1 0
github.com/nik-mLb/avito_task/internal/transport/jwt/jwt.go:30.68,45.2 5 0
github.com/nik-mLb/avito_task/internal/transport/jwt/jwt.go:47.70,48.107 1 0
github.com/nik-mLb/avito_task/internal/transport/jwt/jwt.go:48.107,49.58 1 0
github.com/nik-mLb/avito_task/internal/transport/jwt/jwt.go:49.58,51.4 1 0
github.com/nik-mLb/avito_task/internal/transport/jwt/jwt.go:52.3,52.29 1 0
github.com/nik-mLb/avito_task/internal/transport/jwt/jwt.go:55.2,55.16 1 0
github.com/nik-mLb/avito_task/internal/transport/jwt/jwt.go:55.16,57.3 1 0
github.com/nik-mLb/avito_task/internal/transport/jwt/jwt.go:59.2,59.64 1 0
github.com/nik-mLb/avito_task/internal/transport/jwt/jwt.go:59.64,61.3 1 0
github.com/nik-mLb/avito_task/internal/transport/jwt/jwt.go:63.2,63.34 1 0
github.com/nik-mLb/avito_task/internal/transport/middleware/jwt.go:19.79,20.46 1 0
github.com/nik-mLb/avito_task/internal/transport/middleware/jwt.go:20.46,21.72 1 0
github.com/nik-mLb/avito_task/internal/transport/middleware/jwt.go:21.72,24.18 2 0
github.com/nik-mLb/avito_task/internal/transport/middleware/jwt.go:24.18,27.5 2 0
github.com/nik-mLb/avito_task/internal/transport/middleware/jwt.go:30.4,31.18 2 0
github.com/nik-mLb/avito_task/internal/transport/middleware/jwt.go:31.18,34.5 2 0
github.com/nik-mLb/avito_task/internal/transport/middleware/jwt.go:37.4,41.41 3 0
github.com/nik-mLb/avito_task/internal/transport/middleware/logger.go:15.72,16.71 1 0
github.com/nik-mLb/avito_task/internal/transport/middleware/logger.go:16.71,37.16 9 0
github.com/nik-mLb/avito_task/internal/transport/middleware/logger.go:37.16,40.4 2 0
github.com/nik-mLb/avito_task/internal/transport/middleware/logger.go:42.3,42.40 1 0
github.com/nik-mLb/avito_task/internal/transport/middleware/role.go:9.77,10.46 1 0
github.com/nik-mLb/avito_task/internal/transport/middleware/role.go:10.46,11.72 1 0
github.com/nik-mLb/avito_task/internal/transport/middleware/role.go:11.72,14.11 2 0
github.com/nik-mLb/avito_task/internal/transport/middleware/role.go:14.11,17.5 2 0
github.com/nik-mLb/avito_task/internal/transport/middleware/role.go:20.4,21.35 2 0
github.com/nik-mLb/avito_task/internal/transport/middleware/role.go:21.35,22.18 1 0
github.com/nik-mLb/avito_task/internal/transport/middleware/role.go:22.18,24.11 2 0
github.com/nik-mLb/avito_task/internal/transport/middleware/role.go:28.4,28.16 1 0
github.com/nik-mLb/avito_task/internal/transport/middleware/role.go:28.16,31.5 2 0
github.com/nik-mLb/avito_task/internal/transport/middleware/role.go:33.4,33.24 1 0
github.com/nik-mLb/avito_task/internal/transport/reception/reception.go:26.65,28.2 1 0
github.com/nik-mLb/avito_task/internal/transport/reception/reception.go:30.84,35.61 4 0
github.com/nik-mLb/avito_task/internal/transport/reception/reception.go:35.61,39.3 3 0
github.com/nik-mLb/avito_task/internal/transport/reception/reception.go:41.2,42.16 2 0
github.com/nik-mLb/avito_task/internal/transport/reception/reception.go:42.16,44.14 2 0
github.com/nik-mLb/avito_task/internal/transport/reception/reception.go:45.38,46.96 1 0
github.com/nik-mLb/avito_task/internal/transport/reception/reception.go:47.11,48.100 1 0
github.com/nik-mLb/avito_task/internal/transport/reception/reception.go:50.3,50.9 1 0
github.com/nik-mLb/avito_task/internal/transport/reception/reception.go:53.2,53.74 1 0
github.com/nik-mLb/avito_task/internal/transport/reception/reception.go:56.83,64.19 6 0
github.com/nik-mLb/avito_task/internal/transport/reception/reception.go:64.19,66.14 2 0
github.com/nik-mLb/avito_task/internal/transport/reception/reception.go:67.41,68.93 1 0
github.com/nik-mLb/avito_task/internal/transport/reception/reception.go:69.11,70.99 1 0
github.com/nik-mLb/avito_task/internal/transport/reception/reception.go:72.3,72.9 1 0
github.com/nik-mLb/avito_task/internal/transport/reception/reception.go:75.2,75.69 1 0
github.com/nik-mLb/avito_task/internal/transport/middleware/logctx/logctx.go:10.76,12.2 1 0
github.com/nik-mLb/avito_task/internal/transport/middleware/logctx/logctx.go:14.51,15.70 1 0
github.com/nik-mLb/avito_task/internal/transport/middleware/logctx/logctx.go:15.70,17.3 1 0
github.com/nik-mLb/avito_task/internal/transport/middleware/logctx/logctx.go:19.2,19.38 1 0
github.com/nik-mLb/avito_task/internal/transport/product/product.go:26.59,28.2 1 0
github.com/nik-mLb/avito_task/internal/transport/product/product.go:30.77,35.61 4 0
github.com/nik-mLb/avito_task/internal/transport/product/product.go:35.61,39.3 3 0
github.com/nik-mLb/avito_task/internal/transport/product/product.go:41.2,42.16 2 0
github.com/nik-mLb/avito_task/internal/transport/product/product.go:42.16,44.14 2 0
github.com/nik-mLb/avito_task/internal/transport/product/product.go:45.34,46.90 1 0
github.com/nik-mLb/avito_task/internal/transport/product/product.go:47.11,48.95 1 0
github.com/nik-mLb/avito_task/internal/transport/product/product.go:50.3,50.9 1 0
github.com/nik-mLb/avito_task/internal/transport/product/product.go:53.2,53.72 1 0
github.com/nik-mLb/avito_task/internal/transport/product/product.go:56.84,64.19 6 0
github.com/nik-mLb/avito_task/internal/transport/product/product.go:64.19,66.14 2 0
github.com/nik-mLb/avito_task/internal/transport/product/product.go:67.35,68.115 1 0
github.com/nik-mLb/avito_task/internal/transport/product/product.go:69.11,70.98 1 0
github.com/nik-mLb/avito_task/internal/transport/product/product.go:72.3,72.9 1 0
github.com/nik-mLb/avito_task/internal/transport/product/product.go:75.5,75.33 1 0
github.com/nik-mLb/avito_task/internal/transport/pickup_point/pickup_point.go:27.71,29.2 1 0
github.com/nik-mLb/avito_task/internal/transport/pickup_point/pickup_point.go:31.88,36.61 4 0
github.com/nik-mLb/avito_task/internal/transport/pickup_point/pickup_point.go:36.61,40.3 3 0
github.com/nik-mLb/avito_task/internal/transport/pickup_point/pickup_point.go:42.2,43.16 2 0
github.com/nik-mLb/avito_task/internal/transport/pickup_point/pickup_point.go:43.16,45.14 2 0
github.com/nik-mLb/avito_task/internal/transport/pickup_point/pickup_point.go:46.31,47.81 1 0
github.com/nik-mLb/avito_task/internal/transport/pickup_point/pickup_point.go:48.11,49.102 1 0
github.com/nik-mLb/avito_task/internal/transport/pickup_point/pickup_point.go:51.3,51.9 1 0
github.com/nik-mLb/avito_task/internal/transport/pickup_point/pickup_point.go:54.2,54.76 1 0
github.com/nik-mLb/avito_task/internal/transport/pickup_point/pickup_point.go:57.100,65.56 5 0
github.com/nik-mLb/avito_task/internal/transport/pickup_point/pickup_point.go:65.56,66.63 1 0
github.com/nik-mLb/avito_task/internal/transport/pickup_point/pickup_point.go:66.63,68.4 1 0
github.com/nik-mLb/avito_task/internal/transport/pickup_point/pickup_point.go:68.9,70.4 1 0
github.com/nik-mLb/avito_task/internal/transport/pickup_point/pickup_point.go:72.2,72.50 1 0
github.com/nik-mLb/avito_task/internal/transport/pickup_point/pickup_point.go:72.50,73.61 1 0
github.com/nik-mLb/avito_task/internal/transport/pickup_point/pickup_point.go:73.61,75.4 1 0
github.com/nik-mLb/avito_task/internal/transport/pickup_point/pickup_point.go:75.9,77.4 1 0
github.com/nik-mLb/avito_task/internal/transport/pickup_point/pickup_point.go:81.2,82.14 2 0
github.com/nik-mLb/avito_task/internal/transport/pickup_point/pickup_point.go:82.14,84.3 1 0
github.com/nik-mLb/avito_task/internal/transport/pickup_point/pickup_point.go:86.2,87.29 2 0
github.com/nik-mLb/avito_task/internal/transport/pickup_point/pickup_point.go:87.29,89.3 1 0
github.com/nik-mLb/avito_task/internal/transport/pickup_point/pickup_point.go:92.2,93.16 2 0
github.com/nik-mLb/avito_task/internal/transport/pickup_point/pickup_point.go:93.16,97.3 3 0
github.com/nik-mLb/avito_task/internal/transport/pickup_point/pickup_point.go:100.2,101.30 2 0
github.com/nik-mLb/avito_task/internal/transport/pickup_point/pickup_point.go:101.30,103.39 2 0
github.com/nik-mLb/avito_task/internal/transport/pickup_point/pickup_point.go:103.39,108.4 1 0
github.com/nik-mLb/avito_task/internal/transport/pickup_point/pickup_point.go:110.3,113.5 1 0
github.com/nik-mLb/avito_task/internal/transport/pickup_point/pickup_point.go:116.2,116.64 1 0
github.com/nik-mLb/avito_task/internal/repository/auth/auth.go:30.38,32.2 1 1
github.com/nik-mLb/avito_task/internal/repository/auth/auth.go:34.128,51.16 5 1
github.com/nik-mLb/avito_task/internal/repository/auth/auth.go:51.16,54.3 2 1
github.com/nik-mLb/avito_task/internal/repository/auth/auth.go:56.2,56.18 1 1
github.com/nik-mLb/avito_task/internal/repository/auth/auth.go:59.98,67.16 5 1
github.com/nik-mLb/avito_task/internal/repository/auth/auth.go:67.16,68.36 1 1
github.com/nik-mLb/avito_task/internal/repository/auth/auth.go:68.36,71.4 2 1
github.com/nik-mLb/avito_task/internal/repository/auth/auth.go:72.3,73.44 2 1
github.com/nik-mLb/avito_task/internal/repository/auth/auth.go:76.2,76.19 1 1
github.com/nik-mLb/avito_task/internal/repository/pickup_point/pickup_point.go:41.66,43.2 1 1
github.com/nik-mLb/avito_task/internal/repository/pickup_point/pickup_point.go:45.114,58.16 5 1
github.com/nik-mLb/avito_task/internal/repository/pickup_point/pickup_point.go:58.16,61.3 2 1
github.com/nik-mLb/avito_task/internal/repository/pickup_point/pickup_point.go:63.2,63.25 1 1
github.com/nik-mLb/avito_task/internal/repository/pickup_point/pickup_point.go:66.171,77.16 5 1
github.com/nik-mLb/avito_task/internal/repository/pickup_point/pickup_point.go:77.16,80.3 2 1
github.com/nik-mLb/avito_task/internal/repository/pickup_point/pickup_point.go:81.2,85.18 3 1
github.com/nik-mLb/avito_task/internal/repository/pickup_point/pickup_point.go:85.18,99.17 3 1
github.com/nik-mLb/avito_task/internal/repository/pickup_point/pickup_point.go:99.17,102.12 3 0
github.com/nik-mLb/avito_task/internal/repository/pickup_point/pickup_point.go:106.3,106.43 1 1
github.com/nik-mLb/avito_task/internal/repository/pickup_point/pickup_point.go:106.43,111.4 1 1
github.com/nik-mLb/avito_task/internal/repository/pickup_point/pickup_point.go:114.3,114.18 1 1
github.com/nik-mLb/avito_task/internal/repository/pickup_point/pickup_point.go:114.18,120.45 4 1
github.com/nik-mLb/avito_task/internal/repository/pickup_point/pickup_point.go:120.45,121.60 1 0
github.com/nik-mLb/avito_task/internal/repository/pickup_point/pickup_point.go:121.60,123.11 2 0
github.com/nik-mLb/avito_task/internal/repository/pickup_point/pickup_point.go:128.4,128.23 1 1
github.com/nik-mLb/avito_task/internal/repository/pickup_point/pickup_point.go:128.23,134.5 2 1
github.com/nik-mLb/avito_task/internal/repository/pickup_point/pickup_point.go:137.4,137.20 1 1
github.com/nik-mLb/avito_task/internal/repository/pickup_point/pickup_point.go:137.20,141.5 3 1
github.com/nik-mLb/avito_task/internal/repository/pickup_point/pickup_point.go:145.2,145.34 1 1
github.com/nik-mLb/avito_task/internal/repository/pickup_point/pickup_point.go:145.34,148.3 2 0
github.com/nik-mLb/avito_task/internal/repository/pickup_point/pickup_point.go:151.2,152.28 2 1
github.com/nik-mLb/avito_task/internal/repository/pickup_point/pickup_point.go:152.28,154.3 1 1
github.com/nik-mLb/avito_task/internal/repository/pickup_point/pickup_point.go:156.2,156.20 1 1
github.com/nik-mLb/avito_task/internal/repository/product/product.go:47.58,49.2 1 1
github.com/nik-mLb/avito_task/internal/repository/product/product.go:51.123,57.16 5 1
github.com/nik-mLb/avito_task/internal/repository/product/product.go:57.16,58.36 1 1
github.com/nik-mLb/avito_task/internal/repository/product/product.go:58.36,61.4 2 1
github.com/nik-mLb/avito_task/internal/repository/product/product.go:62.3,63.44 2 0
github.com/nik-mLb/avito_task/internal/repository/product/product.go:66.2,70.19 3 1
github.com/nik-mLb/avito_task/internal/repository/product/product.go:70.19,73.6 2 1
github.com/nik-mLb/avito_task/internal/repository/product/product.go:75.2,75.21 1 1
github.com/nik-mLb/avito_task/internal/repository/product/product.go:78.91,83.19 4 1
github.com/nik-mLb/avito_task/internal/repository/product/product.go:83.19,86.3 2 1
github.com/nik-mLb/avito_task/internal/repository/product/product.go:87.5,91.19 4 1
github.com/nik-mLb/avito_task/internal/repository/product/product.go:91.19,92.36 1 1
github.com/nik-mLb/avito_task/internal/repository/product/product.go:92.36,95.4 2 1
github.com/nik-mLb/avito_task/internal/repository/product/product.go:96.3,97.39 2 0
github.com/nik-mLb/avito_task/internal/repository/product/product.go:100.5,101.19 2 1
github.com/nik-mLb/avito_task/internal/repository/product/product.go:101.19,104.3 2 0
github.com/nik-mLb/avito_task/internal/repository/product/product.go:106.2,106.36 1 1
github.com/nik-mLb/avito_task/internal/repository/product/product.go:106.36,109.3 2 0
github.com/nik-mLb/avito_task/internal/repository/product/product.go:111.5,111.15 1 1
github.com/nik-mLb/avito_task/internal/repository/reception/reception.go:43.62,45.2 1 1
github.com/nik-mLb/avito_task/internal/repository/reception/reception.go:47.135,53.16 5 1
github.com/nik-mLb/avito_task/internal/repository/reception/reception.go:53.16,56.3 2 0
github.com/nik-mLb/avito_task/internal/repository/reception/reception.go:57.2,57.12 1 1
github.com/nik-mLb/avito_task/internal/repository/reception/reception.go:57.12,60.3 2 1
github.com/nik-mLb/avito_task/internal/repository/reception/reception.go:62.2,66.16 3 1
github.com/nik-mLb/avito_task/internal/repository/reception/reception.go:66.16,69.3 2 0
github.com/nik-mLb/avito_task/internal/repository/reception/reception.go:71.2,71.23 1 1
github.com/nik-mLb/avito_task/internal/repository/reception/reception.go:74.111,83.19 5 1
github.com/nik-mLb/avito_task/internal/repository/reception/reception.go:83.19,84.36 1 1
github.com/nik-mLb/avito_task/internal/repository/reception/reception.go:84.36,87.4 2 1
github.com/nik-mLb/avito_task/internal/repository/reception/reception.go:88.3,89.44 2 0
github.com/nik-mLb/avito_task/internal/repository/reception/reception.go:92.5,92.26 1 1
github.com/nik-mLb/avito_task/internal/transport/middleware/logctx/logctx.go:10.76,12.2 1 0
github.com/nik-mLb/avito_task/internal/transport/middleware/logctx/logctx.go:14.51,15.70 1 1
github.com/nik-mLb/avito_task/internal/transport/middleware/logctx/logctx.go:15.70,17.3 1 0
github.com/nik-mLb/avito_task/internal/transport/middleware/logctx/logctx.go:19.2,19.38 1 1
github.com/nik-mLb/avito_task/internal/usecase/reception/reception.go:22.70,24.2 1 0
github.com/nik-mLb/avito_task/internal/usecase/reception/reception.go:26.107,31.16 4 0
github.com/nik-mLb/avito_task/internal/usecase/reception/reception.go:31.16,34.3 2 0
github.com/nik-mLb/avito_task/internal/usecase/reception/reception.go:36.2,39.16 3 0
github.com/nik-mLb/avito_task/internal/usecase/reception/reception.go:39.16,42.3 2 0
github.com/nik-mLb/avito_task/internal/usecase/reception/reception.go:44.2,44.23 1 0
github.com/nik-mLb/avito_task/internal/usecase/reception/reception.go:47.106,52.16 4 0
github.com/nik-mLb/avito_task/internal/usecase/reception/reception.go:52.16,55.3 2 0
github.com/nik-mLb/avito_task/internal/usecase/reception/reception.go:57.2,58.16 2 0
github.com/nik-mLb/avito_task/internal/usecase/reception/reception.go:58.16,61.3 2 0
github.com/nik-mLb/avito_task/internal/usecase/reception/reception.go:63.2,63.23 1 0
github.com/nik-mLb/avito_task/internal/usecase/pickup_point/pickup_point.go:31.76,33.2 1 0
github.com/nik-mLb/avito_task/internal/usecase/pickup_point/pickup_point.go:35.112,39.26 3 0
github.com/nik-mLb/avito_task/internal/usecase/pickup_point/pickup_point.go:39.26,42.3 2 0
github.com/nik-mLb/avito_task/internal/usecase/pickup_point/pickup_point.go:44.2,45.16 2 0
github.com/nik-mLb/avito_task/internal/usecase/pickup_point/pickup_point.go:45.16,48.3 2 0
github.com/nik-mLb/avito_task/internal/usecase/pickup_point/pickup_point.go:50.2,50.17 1 0
github.com/nik-mLb/avito_task/internal/usecase/pickup_point/pickup_point.go:53.169,62.14 3 0
github.com/nik-mLb/avito_task/internal/usecase/pickup_point/pickup_point.go:62.14,64.6 1 0
github.com/nik-mLb/avito_task/internal/usecase/pickup_point/pickup_point.go:65.5,65.32 1 0
github.com/nik-mLb/avito_task/internal/usecase/pickup_point/pickup_point.go:65.32,67.6 1 0
github.com/nik-mLb/avito_task/internal/usecase/pickup_point/pickup_point.go:69.5,70.16 2 0
github.com/nik-mLb/avito_task/internal/usecase/pickup_point/pickup_point.go:70.16,73.3 2 0
github.com/nik-mLb/avito_task/internal/usecase/pickup_point/pickup_point.go:75.2,75.18 1 0
github.com/nik-mLb/avito_task/internal/transport/utils/response.go:12.88,17.16 4 0
github.com/nik-mLb/avito_task/internal/transport/utils/response.go:17.16,20.3 2 0
github.com/nik-mLb/avito_task/internal/transport/utils/response.go:22.2,22.41 1 0
github.com/nik-mLb/avito_task/internal/transport/utils/response.go:22.41,24.3 1 0
github.com/nik-mLb/avito_task/internal/transport/utils/response.go:27.93,28.17 1 0
github.com/nik-mLb/avito_task/internal/transport/utils/response.go:28.17,31.3 2 0
github.com/nik-mLb/avito_task/internal/transport/utils/response.go:33.2,35.16 3 0
github.com/nik-mLb/avito_task/internal/transport/utils/response.go:35.16,39.3 3 0
github.com/nik-mLb/avito_task/internal/transport/utils/response.go:41.2,42.41 2 0
github.com/nik-mLb/avito_task/internal/transport/utils/response.go:42.41,44.3 1 0
github.com/nik-mLb/avito_task/internal/usecase/auth/auth.go:33.70,38.2 1 0
github.com/nik-mLb/avito_task/internal/usecase/auth/auth.go:40.98,45.16 4 0
github.com/nik-mLb/avito_task/internal/usecase/auth/auth.go:45.16,48.3 2 0
github.com/nik-mLb/avito_task/internal/usecase/auth/auth.go:49.2,49.17 1 0
github.com/nik-mLb/avito_task/internal/usecase/auth/auth.go:49.17,52.3 2 0
github.com/nik-mLb/avito_task/internal/usecase/auth/auth.go:54.2,54.91 1 0
github.com/nik-mLb/avito_task/internal/usecase/auth/auth.go:54.91,57.3 2 0
github.com/nik-mLb/avito_task/internal/usecase/auth/auth.go:59.2,60.16 2 0
github.com/nik-mLb/avito_task/internal/usecase/auth/auth.go:60.16,63.3 2 0
github.com/nik-mLb/avito_task/internal/usecase/auth/auth.go:65.2,65.19 1 0
github.com/nik-mLb/avito_task/internal/usecase/auth/auth.go:68.100,75.25 3 0
github.com/nik-mLb/avito_task/internal/usecase/auth/auth.go:75.25,78.3 2 0
github.com/nik-mLb/avito_task/internal/usecase/auth/auth.go:80.2,81.16 2 0
github.com/nik-mLb/avito_task/internal/usecase/auth/auth.go:81.16,84.3 2 0
github.com/nik-mLb/avito_task/internal/usecase/auth/auth.go:86.2,87.16 2 0
github.com/nik-mLb/avito_task/internal/usecase/auth/auth.go:87.16,90.3 2 0
github.com/nik-mLb/avito_task/internal/usecase/auth/auth.go:92.2,93.16 2 0
github.com/nik-mLb/avito_task/internal/usecase/auth/auth.go:93.16,96.3 2 0
github.com/nik-mLb/avito_task/internal/usecase/auth/auth.go:98.2,98.19 1 0
github.com/nik-mLb/avito_task/internal/usecase/auth/auth.go:101.64,106.16 4 0
github.com/nik-mLb/avito_task/internal/usecase/auth/auth.go:106.16,109.3 2 0
github.com/nik-mLb/avito_task/internal/usecase/auth/auth.go:111.2,111.19 1 0
github.com/nik-mLb/avito_task/internal/usecase/product/product.go:22.64,24.2 1 0
github.com/nik-mLb/avito_task/internal/usecase/product/product.go:26.111,34.16 4 0
github.com/nik-mLb/avito_task/internal/usecase/product/product.go:34.16,37.3 2 0
github.com/nik-mLb/avito_task/internal/usecase/product/product.go:39.2,39.41 1 0
github.com/nik-mLb/avito_task/internal/usecase/product/product.go:40.57,40.57 0 0
github.com/nik-mLb/avito_task/internal/usecase/product/product.go:42.10,44.66 2 0
github.com/nik-mLb/avito_task/internal/usecase/product/product.go:47.2,48.16 2 0
github.com/nik-mLb/avito_task/internal/usecase/product/product.go:48.16,51.3 2 0
github.com/nik-mLb/avito_task/internal/usecase/product/product.go:53.2,53.21 1 0
github.com/nik-mLb/avito_task/internal/usecase/product/product.go:56.86,61.16 4 0
github.com/nik-mLb/avito_task/internal/usecase/product/product.go:61.16,64.3 2 0
github.com/nik-mLb/avito_task/internal/usecase/product/product.go:66.2,67.16 2 0
github.com/nik-mLb/avito_task/internal/usecase/product/product.go:67.16,70.3 2 0
github.com/nik-mLb/avito_task/internal/usecase/product/product.go:72.2,72.12 1 0
github.com/nik-mLb/avito_task/internal/transport/auth/auth.go:25.39,27.2 1 1
github.com/nik-mLb/avito_task/internal/transport/auth/auth.go:29.74,34.61 4 1
github.com/nik-mLb/avito_task/internal/transport/auth/auth.go:34.61,38.3 3 0
github.com/nik-mLb/avito_task/internal/transport/auth/auth.go:40.2,41.16 2 1
github.com/nik-mLb/avito_task/internal/transport/auth/auth.go:41.16,45.3 3 1
github.com/nik-mLb/avito_task/internal/transport/auth/auth.go:47.2,49.71 2 1
github.com/nik-mLb/avito_task/internal/transport/auth/auth.go:52.69,57.61 4 1
github.com/nik-mLb/avito_task/internal/transport/auth/auth.go:57.61,61.3 3 0
github.com/nik-mLb/avito_task/internal/transport/auth/auth.go:63.2,64.16 2 1
github.com/nik-mLb/avito_task/internal/transport/auth/auth.go:64.16,68.3 3 1
github.com/nik-mLb/avito_task/internal/transport/auth/auth.go:70.2,79.67 3 1
github.com/nik-mLb/avito_task/internal/transport/auth/auth.go:82.72,87.61 4 1
github.com/nik-mLb/avito_task/internal/transport/auth/auth.go:87.61,91.3 3 0
github.com/nik-mLb/avito_task/internal/transport/auth/auth.go:93.2,94.16 2 1
github.com/nik-mLb/avito_task/internal/transport/auth/auth.go:94.16,96.14 2 1
github.com/nik-mLb/avito_task/internal/transport/auth/auth.go:97.31,98.77 1 1
github.com/nik-mLb/avito_task/internal/transport/auth/auth.go:99.11,100.93 1 1
github.com/nik-mLb/avito_task/internal/transport/auth/auth.go:102.3,102.9 1 1
github.com/nik-mLb/avito_task/internal/transport/auth/auth.go:105.2,114.72 3 1
github.com/nik-mLb/avito_task/internal/transport/middleware/logctx/logctx.go:10.76,12.2 1 0
github.com/nik-mLb/avito_task/internal/transport/middleware/logctx/logctx.go:14.51,15.70 1 1
github.com/nik-mLb/avito_task/internal/transport/middleware/logctx/logctx.go:15.70,17.3 1 0
github.com/nik-mLb/avito_task/internal/transport/middleware/logctx/logctx.go:19.2,19.38 1 1
github.com/nik-mLb/avito_task/internal/transport/pickup_point/pickup_point.go:27.71,29.2 1 1
github.com/nik-mLb/avito_task/internal/transport/pickup_point/pickup_point.go:31.88,36.61 4 1
github.com/nik-mLb/avito_task/internal/transport/pickup_point/pickup_point.go:36.61,40.3 3 0
github.com/nik-mLb/avito_task/internal/transport/pickup_point/pickup_point.go:42.2,43.16 2 1
github.com/nik-mLb/avito_task/internal/transport/pickup_point/pickup_point.go:43.16,45.14 2 1
github.com/nik-mLb/avito_task/internal/transport/pickup_point/pickup_point.go:46.31,47.81 1 1
github.com/nik-mLb/avito_task/internal/transport/pickup_point/pickup_point.go:48.11,49.102 1 1
github.com/nik-mLb/avito_task/internal/transport/pickup_point/pickup_point.go:51.3,51.9 1 1
github.com/nik-mLb/avito_task/internal/transport/pickup_point/pickup_point.go:54.2,54.76 1 1
github.com/nik-mLb/avito_task/internal/transport/pickup_point/pickup_point.go:57.100,65.56 5 1
github.com/nik-mLb/avito_task/internal/transport/pickup_point/pickup_point.go:65.56,66.63 1 1
github.com/nik-mLb/avito_task/internal/transport/pickup_point/pickup_point.go:66.63,68.4 1 1
github.com/nik-mLb/avito_task/internal/transport/pickup_point/pickup_point.go:68.9,70.4 1 1
github.com/nik-mLb/avito_task/internal/transport/pickup_point/pickup_point.go:72.2,72.50 1 1
github.com/nik-mLb/avito_task/internal/transport/pickup_point/pickup_point.go:72.50,73.61 1 1
github.com/nik-mLb/avito_task/internal/transport/pickup_point/pickup_point.go:73.61,75.4 1 1
github.com/nik-mLb/avito_task/internal/transport/pickup_point/pickup_point.go:75.9,77.4 1 0
github.com/nik-mLb/avito_task/internal/transport/pickup_point/pickup_point.go:81.2,82.14 2 1
github.com/nik-mLb/avito_task/internal/transport/pickup_point/pickup_point.go:82.14,84.3 1 1
github.com/nik-mLb/avito_task/internal/transport/pickup_point/pickup_point.go:86.2,87.29 2 1
github.com/nik-mLb/avito_task/internal/transport/pickup_point/pickup_point.go:87.29,89.3 1 1
github.com/nik-mLb/avito_task/internal/transport/pickup_point/pickup_point.go:92.2,93.16 2 1
github.com/nik-mLb/avito_task/internal/transport/pickup_point/pickup_point.go:93.16,97.3 3 1
github.com/nik-mLb/avito_task/internal/transport/pickup_point/pickup_point.go:100.2,101.30 2 1
github.com/nik-mLb/avito_task/internal/transport/pickup_point/pickup_point.go:101.30,103.39 2 1
github.com/nik-mLb/avito_task/internal/transport/pickup_point/pickup_point.go:103.39,108.4 1 1
github.com/nik-mLb/avito_task/internal/transport/pickup_point/pickup_point.go:110.3,113.5 1 1
github.com/nik-mLb/avito_task/internal/transport/pickup_point/pickup_point.go:116.2,116.64 1 1
github.com/nik-mLb/avito_task/internal/transport/product/product.go:26.59,28.2 1 1
github.com/nik-mLb/avito_task/internal/transport/product/product.go:30.77,35.61 4 1
github.com/nik-mLb/avito_task/internal/transport/product/product.go:35.61,39.3 3 1
github.com/nik-mLb/avito_task/internal/transport/product/product.go:41.2,42.16 2 1
github.com/nik-mLb/avito_task/internal/transport/product/product.go:42.16,44.14 2 1
github.com/nik-mLb/avito_task/internal/transport/product/product.go:45.34,46.90 1 1
github.com/nik-mLb/avito_task/internal/transport/product/product.go:47.11,48.95 1 1
github.com/nik-mLb/avito_task/internal/transport/product/product.go:50.3,50.9 1 1
github.com/nik-mLb/avito_task/internal/transport/product/product.go:53.2,53.72 1 1
github.com/nik-mLb/avito_task/internal/transport/product/product.go:56.84,64.19 6 1
github.com/nik-mLb/avito_task/internal/transport/product/product.go:64.19,66.14 2 1
github.com/nik-mLb/avito_task/internal/transport/product/product.go:67.35,68.115 1 1
github.com/nik-mLb/avito_task/internal/transport/product/product.go:69.11,70.98 1 1
github.com/nik-mLb/avito_task/internal/transport/product/product.go:72.3,72.9 1 1
github.com/nik-mLb/avito_task/internal/transport/product/product.go:75.5,75.33 1 1
github.com/nik-mLb/avito_task/internal/transport/reception/reception.go:26.65,28.2 1 1
github.com/nik-mLb/avito_task/internal/transport/reception/reception.go:30.84,35.61 4 1
github.com/nik-mLb/avito_task/internal/transport/reception/reception.go:35.61,39.3 3 0
github.com/nik-mLb/avito_task/internal/transport/reception/reception.go:41.2,42.16 2 1
github.com/nik-mLb/avito_task/internal/transport/reception/reception.go:42.16,44.14 2 1
github.com/nik-mLb/avito_task/internal/transport/reception/reception.go:45.38,46.96 1 1
github.com/nik-mLb/avito_task/internal/transport/reception/reception.go:47.11,48.100 1 1
github.com/nik-mLb/avito_task/internal/transport/reception/reception.go:50.3,50.9 1 1
github.com/nik-mLb/avito_task/internal/transport/reception/reception.go:53.2,53.74 1 1
github.com/nik-mLb/avito_task/internal/transport/reception/reception.go:56.83,64.19 6 1
github.com/nik-mLb/avito_task/internal/transport/reception/reception.go:64.19,66.14 2 1
github.com/nik-mLb/avito_task/internal/transport/reception/reception.go:67.41,68.93 1 1
github.com/nik-mLb/avito_task/internal/transport/reception/reception.go:69.11,70.99 1 1
github.com/nik-mLb/avito_task/internal/transport/reception/reception.go:72.3,72.9 1 1
github.com/nik-mLb/avito_task/internal/transport/reception/reception.go:75.2,75.69 1 1
github.com/nik-mLb/avito_task/internal/transport/utils/response.go:12.88,17.16 4 1
github.com/nik-mLb/avito_task/internal/transport/utils/response.go:17.16,20.3 2 0
github.com/nik-mLb/avito_task/internal/transport/utils/response.go:22.2,22.41 1 1
github.com/nik-mLb/avito_task/internal/transport/utils/response.go:22.41,24.3 1 0
github.com/nik-mLb/avito_task/internal/transport/utils/response.go:27.93,28.17 1 1
github.com/nik-mLb/avito_task/internal/transport/utils/response.go:28.17,31.3 2 0
github.com/nik-mLb/avito_task/internal/transport/utils/response.go:33.2,35.16 3 1
github.com/nik-mLb/avito_task/internal/transport/utils/response.go:35.16,39.3 3 0
github.com/nik-mLb/avito_task/internal/transport/utils/response.go:41.2,42.41 2 1
github.com/nik-mLb/avito_task/internal/transport/utils/response.go:42.41,44.3 1 0
github.com/nik-mLb/avito_task/internal/transport/jwt/jwt.go:23.54,28.2 1 1
github.com/nik-mLb/avito_task/internal/transport/jwt/jwt.go:30.68,45.2 5 1
github.com/nik-mLb/avito_task/internal/transport/jwt/jwt.go:47.70,48.107 1 1
github.com/nik-mLb/avito_task/internal/transport/jwt/jwt.go:48.107,49.58 1 1
github.com/nik-mLb/avito_task/internal/transport/jwt/jwt.go:49.58,51.4 1 0
github.com/nik-mLb/avito_task/internal/transport/jwt/jwt.go:52.3,52.29 1 1
github.com/nik-mLb/avito_task/internal/transport/jwt/jwt.go:55.2,55.16 1 1
github.com/nik-mLb/avito_task/internal/transport/jwt/jwt.go:55.16,57.3 1 0
github.com/nik-mLb/avito_task/internal/transport/jwt/jwt.go:59.2,59.64 1 1
github.com/nik-mLb/avito_task/internal/transport/jwt/jwt.go:59.64,61.3 1 1
github.com/nik-mLb/avito_task/internal/transport/jwt/jwt.go:63.2,63.34 1 0
github.com/nik-mLb/avito_task/internal/transport/middleware/logctx/logctx.go:10.76,12.2 1 0
github.com/nik-mLb/avito_task/internal/transport/middleware/logctx/logctx.go:14.51,15.70 1 1
github.com/nik-mLb/avito_task/internal/transport/middleware/logctx/logctx.go:15.70,17.3 1 0
github.com/nik-mLb/avito_task/internal/transport/middleware/logctx/logctx.go:19.2,19.38 1 1
github.com/nik-mLb/avito_task/internal/usecase/auth/auth.go:33.70,38.2 1 1
github.com/nik-mLb/avito_task/internal/usecase/auth/auth.go:40.98,45.16 4 1
github.com/nik-mLb/avito_task/internal/usecase/auth/auth.go:45.16,48.3 2 1
github.com/nik-mLb/avito_task/internal/usecase/auth/auth.go:49.2,49.17 1 1
github.com/nik-mLb/avito_task/internal/usecase/auth/auth.go:49.17,52.3 2 1
github.com/nik-mLb/avito_task/internal/usecase/auth/auth.go:54.2,54.91 1 1
github.com/nik-mLb/avito_task/internal/usecase/auth/auth.go:54.91,57.3 2 1
github.com/nik-mLb/avito_task/internal/usecase/auth/auth.go:59.2,60.16 2 1
github.com/nik-mLb/avito_task/internal/usecase/auth/auth.go:60.16,63.3 2 0
github.com/nik-mLb/avito_task/internal/usecase/auth/auth.go:65.2,65.19 1 1
github.com/nik-mLb/avito_task/internal/usecase/auth/auth.go:68.100,75.25 3 1
github.com/nik-mLb/avito_task/internal/usecase/auth/auth.go:75.25,78.3 2 1
github.com/nik-mLb/avito_task/internal/usecase/auth/auth.go:80.2,81.16 2 1
github.com/nik-mLb/avito_task/internal/usecase/auth/auth.go:81.16,84.3 2 0
github.com/nik-mLb/avito_task/internal/usecase/auth/auth.go:86.2,87.16 2 1
github.com/nik-mLb/avito_task/internal/usecase/auth/auth.go:87.16,90.3 2 1
github.com/nik-mLb/avito_task/internal/usecase/auth/auth.go:92.2,93.16 2 1
github.com/nik-mLb/avito_task/internal/usecase/auth/auth.go:93.16,96.3 2 0
github.com/nik-mLb/avito_task/internal/usecase/auth/auth.go:98.2,98.19 1 1
github.com/nik-mLb/avito_task/internal/usecase/auth/auth.go:101.64,106.16 4 1
github.com/nik-mLb/avito_task/internal/usecase/auth/auth.go:106.16,109.3 2 0
github.com/nik-mLb/avito_task/internal/usecase/auth/auth.go:111.2,111.19 1 1
github.com/nik-mLb/avito_task/internal/usecase/pickup_point/pickup_point.go:31.76,33.2 1 1
github.com/nik-mLb/avito_task/internal/usecase/pickup_point/pickup_point.go:35.112,39.26 3 1
github.com/nik-mLb/avito_task/internal/usecase/pickup_point/pickup_point.go:39.26,42.3 2 1
github.com/nik-mLb/avito_task/internal/usecase/pickup_point/pickup_point.go:44.2,45.16 2 1
github.com/nik-mLb/avito_task/internal/usecase/pickup_point/pickup_point.go:45.16,48.3 2 1
github.com/nik-mLb/avito_task/internal/usecase/pickup_point/pickup_point.go:50.2,50.17 1 0
github.com/nik-mLb/avito_task/internal/usecase/pickup_point/pickup_point.go:53.169,62.14 3 1
github.com/nik-mLb/avito_task/internal/usecase/pickup_point/pickup_point.go:62.14,64.6 1 0
github.com/nik-mLb/avito_task/internal/usecase/pickup_point/pickup_point.go:65.5,65.32 1 1
github.com/nik-mLb/avito_task/internal/usecase/pickup_point/pickup_point.go:65.32,67.6 1 0
github.com/nik-mLb/avito_task/internal/usecase/pickup_point/pickup_point.go:69.5,70.16 2 1
github.com/nik-mLb/avito_task/internal/usecase/pickup_point/pickup_point.go:70.16,73.3 2 1
github.com/nik-mLb/avito_task/internal/usecase/pickup_point/pickup_point.go:75.2,75.18 1 0
github.com/nik-mLb/avito_task/internal/usecase/product/product.go:22.64,24.2 1 1
github.com/nik-mLb/avito_task/internal/usecase/product/product.go:26.111,34.16 4 1
github.com/nik-mLb/avito_task/internal/usecase/product/product.go:34.16,37.3 2 1
github.com/nik-mLb/avito_task/internal/usecase/product/product.go:39.2,39.41 1 1
github.com/nik-mLb/avito_task/internal/usecase/product/product.go:40.57,40.57 0 1
github.com/nik-mLb/avito_task/internal/usecase/product/product.go:42.10,44.66 2 1
github.com/nik-mLb/avito_task/internal/usecase/product/product.go:47.2,48.16 2 1
github.com/nik-mLb/avito_task/internal/usecase/product/product.go:48.16,51.3 2 1
github.com/nik-mLb/avito_task/internal/usecase/product/product.go:53.2,53.21 1 1
github.com/nik-mLb/avito_task/internal/usecase/product/product.go:56.86,61.16 4 1
github.com/nik-mLb/avito_task/internal/usecase/product/product.go:61.16,64.3 2 1
github.com/nik-mLb/avito_task/internal/usecase/product/product.go:66.2,67.16 2 1
github.com/nik-mLb/avito_task/internal/usecase/product/product.go:67.16,70.3 2 1
github.com/nik-mLb/avito_task/internal/usecase/product/product.go:72.2,72.12 1 1
github.com/nik-mLb/avito_task/internal/usecase/reception/reception.go:22.70,24.2 1 1
github.com/nik-mLb/avito_task/internal/usecase/reception/reception.go:26.107,31.16 4 1
github.com/nik-mLb/avito_task/internal/usecase/reception/reception.go:31.16,34.3 2 1
github.com/nik-mLb/avito_task/internal/usecase/reception/reception.go:36.2,39.16 3 1
github.com/nik-mLb/avito_task/internal/usecase/reception/reception.go:39.16,42.3 2 1
github.com/nik-mLb/avito_task/internal/usecase/reception/reception.go:44.2,44.23 1 1
github.com/nik-mLb/avito_task/internal/usecase/reception/reception.go:47.106,52.16 4 1
github.com/nik-mLb/avito_task/internal/usecase/reception/reception.go:52.16,55.3 2 1
github.com/nik-mLb/avito_task/internal/usecase/reception/reception.go:57.2,58.16 2 1
github.com/nik-mLb/avito_task/internal/usecase/reception/reception.go:58.16,61.3 2 1
github.com/nik-mLb/avito_task/internal/usecase/reception/reception.go:63.2,63.23 1 1
github.com/nik-mLb/avito_task/internal/repository/dbconnector.go:9.65,18.2 1 1
github.com/nik-mLb/avito_task/internal/repository/auth/auth.go:30.38,32.2 1 1
github.com/nik-mLb/avito_task/internal/repository/auth/auth.go:34.128,51.16 5 1
github.com/nik-mLb/avito_task/internal/repository/auth/auth.go:51.16,54.3 2 0
github.com/nik-mLb/avito_task/internal/repository/auth/auth.go:56.2,56.18 1 1
github.com/nik-mLb/avito_task/internal/repository/auth/auth.go:59.98,67.16 5 1
github.com/nik-mLb/avito_task/internal/repository/auth/auth.go:67.16,68.36 1 0
github.com/nik-mLb/avito_task/internal/repository/auth/auth.go:68.36,71.4 2 0
github.com/nik-mLb/avito_task/internal/repository/auth/auth.go:72.3,73.44 2 0
github.com/nik-mLb/avito_task/internal/repository/auth/auth.go:76.2,76.19 1 1
github.com/nik-mLb/avito_task/internal/repository/pickup_point/pickup_point.go:41.66,43.2 1 1
github.com/nik-mLb/avito_task/internal/repository/pickup_point/pickup_point.go:45.114,58.16 5 1
github.com/nik-mLb/avito_task/internal/repository/pickup_point/pickup_point.go:58.16,61.3 2 0
github.com/nik-mLb/avito_task/internal/repository/pickup_point/pickup_point.go:63.2,63.25 1 1
github.com/nik-mLb/avito_task/internal/repository/pickup_point/pickup_point.go:66.171,77.16 5 0
github.com/nik-mLb/avito_task/internal/repository/pickup_point/pickup_point.go:77.16,80.3 2 0
github.com/nik-mLb/avito_task/internal/repository/pickup_point/pickup_point.go:81.2,85.18 3 0
github.com/nik-mLb/avito_task/internal/repository/pickup_point/pickup_point.go:85.18,99.17 3 0
github.com/nik-mLb/avito_task/internal/repository/pickup_point/pickup_point.go:99.17,102.12 3 0
github.com/nik-mLb/avito_task/internal/repository/pickup_point/pickup_point.go:106.3,106.43 1 0
github.com/nik-mLb/avito_task/internal/repository/pickup_point/pickup_point.go:106.43,111.4 1 0
github.com/nik-mLb/avito_task/internal/repository/pickup_point/pickup_point.go:114.3,114.18 1 0
github.com/nik-mLb/avito_task/internal/repository/pickup_point/pickup_point.go:114.18,120.45 4 0
github.com/nik-mLb/avito_task/internal/repository/pickup_point/pickup_point.go:120.45,121.60 1 0
github.com/nik-mLb/avito_task/internal/repository/pickup_point/pickup_point.go:121.60,123.11 2 0
github.com/nik-mLb/avito_task/internal/repository/pickup_point/pickup_point.go:128.4,128.23 1 0
github.com/nik-mLb/avito_task/internal/repository/pickup_point/pickup_point.go:128.23,134.5 2 0
github.com/nik-mLb/avito_task/internal/repository/pickup_point/pickup_point.go:137.4,137.20 1 0
github.com/nik-mLb/avito_task/internal/repository/pickup_point/pickup_point.go:137.20,141.5 3 0
github.com/nik-mLb/avito_task/internal/repository/pickup_point/pickup_point.go:145.2,145.34 1 0
github.com/nik-mLb/avito_task/internal/repository/pickup_point/pickup_point.go:145.34,148.3 2 0
github.com/nik-mLb/avito_task/internal/repository/pickup_point/pickup_point.go:151.2,152.28 2 0
github.com/nik-mLb/avito_task/internal/repository/pickup_point/pickup_point.go:152.28,154.3 1 0
github.com/nik-mLb/avito_task/internal/repository/pickup_point/pickup_point.go:156.2,156.20 1 0
github.com/nik-mLb/avito_task/internal/repository/product/product.go:47.58,49.2 1 1
github.com/nik-mLb/avito_task/internal/repository/product/product.go:51.123,57.16 5 1
github.com/nik-mLb/avito_task/internal/repository/product/product.go:57.16,58.36 1 0
github.com/nik-mLb/avito_task/internal/repository/product/product.go:58.36,61.4 2 0
github.com/nik-mLb/avito_task/internal/repository/product/product.go:62.3,63.44 2 0
github.com/nik-mLb/avito_task/internal/repository/product/product.go:66.2,70.19 3 1
github.com/nik-mLb/avito_task/internal/repository/product/product.go:70.19,73.6 2 0
github.com/nik-mLb/avito_task/internal/repository/product/product.go:75.2,75.21 1 1
github.com/nik-mLb/avito_task/internal/repository/product/product.go:78.91,83.19 4 0
github.com/nik-mLb/avito_task/internal/repository/product/product.go:83.19,86.3 2 0
github.com/nik-mLb/avito_task/internal/repository/product/product.go:87.5,91.19 4 0
github.com/nik-mLb/avito_task/internal/repository/product/product.go:91.19,92.36 1 0
github.com/nik-mLb/avito_task/internal/repository/product/product.go:92.36,95.4 2 0
github.com/nik-mLb/avito_task/internal/repository/product/product.go:96.3,97.39 2 0
github.com/nik-mLb/avito_task/internal/repository/product/product.go:100.5,101.19 2 0
github.com/nik-mLb/avito_task/internal/repository/product/product.go:101.19,104.3 2 0
github.com/nik-mLb/avito_task/internal/repository/product/product.go:106.2,106.36 1 0
github.com/nik-mLb/avito_task/internal/repository/product/product.go:106.36,109.3 2 0
github.com/nik-mLb/avito_task/internal/repository/product/product.go:111.5,111.15 1 0
github.com/nik-mLb/avito_task/internal/repository/reception/reception.go:43.62,45.2 1 1
github.com/nik-mLb/avito_task/internal/repository/reception/reception.go:47.135,53.16 5 1
github.com/nik-mLb/avito_task/internal/repository/reception/reception.go:53.16,56.3 2 0
github.com/nik-mLb/avito_task/internal/repository/reception/reception.go:57.2,57.12 1 1
github.com/nik-mLb/avito_task/internal/repository/reception/reception.go:57.12,60.3 2 0
github.com/nik-mLb/avito_task/internal/repository/reception/reception.go:62.2,66.16 3 1
github.com/nik-mLb/avito_task/internal/repository/reception/reception.go:66.16,69.3 2 0
github.com/nik-mLb/avito_task/internal/repository/reception/reception.go:71.2,71.23 1 1
github.com/nik-mLb/avito_task/internal/repository/reception/reception.go:74.111,83.19 5 1
github.com/nik-mLb/avito_task/internal/repository/reception/reception.go:83.19,84.36 1 0
github.com/nik-mLb/avito_task/internal/repository/reception/reception.go:84.36,87.4 2 0
github.com/nik-mLb/avito_task/internal/repository/reception/reception.go:88.3,89.44 2 0
github.com/nik-mLb/avito_task/internal/repository/reception/reception.go:92.5,92.26 1 1
github.com/nik-mLb/avito_task/internal/transport/auth/auth.go:25.39,27.2 1 1
github.com/nik-mLb/avito_task/internal/transport/auth/auth.go:29.74,34.61 4 0
github.com/nik-mLb/avito_task/internal/transport/auth/auth.go:34.61,38.3 3 0
github.com/nik-mLb/avito_task/internal/transport/auth/auth.go:40.2,41.16 2 0
github.com/nik-mLb/avito_task/internal/transport/auth/auth.go:41.16,45.3 3 0
github.com/nik-mLb/avito_task/internal/transport/auth/auth.go:47.2,49.71 2 0
github.com/nik-mLb/avito_task/internal/transport/auth/auth.go:52.69,57.61 4 1
github.com/nik-mLb/avito_task/internal/transport/auth/auth.go:57.61,61.3 3 0
github.com/nik-mLb/avito_task/internal/transport/auth/auth.go:63.2,64.16 2 1
github.com/nik-mLb/avito_task/internal/transport/auth/auth.go:64.16,68.3 3 0
github.com/nik-mLb/avito_task/internal/transport/auth/auth.go:70.2,79.67 3 1
github.com/nik-mLb/avito_task/internal/transport/auth/auth.go:82.72,87.61 4 1
github.com/nik-mLb/avito_task/internal/transport/auth/auth.go:87.61,91.3 3 0
github.com/nik-mLb/avito_task/internal/transport/auth/auth.go:93.2,94.16 2 1
github.com/nik-mLb/avito_task/internal/transport/auth/auth.go:94.16,96.14 2 0
github.com/nik-mLb/avito_task/internal/transport/auth/auth.go:97.31,98.77 1 0
github.com/nik-mLb/avito_task/internal/transport/auth/auth.go:99.11,100.93 1 0
github.com/nik-mLb/avito_task/internal/transport/auth/auth.go:102.3,102.9 1 0
github.com/nik-mLb/avito_task/internal/transport/auth/auth.go:105.2,114.72 3 1
github.com/nik-mLb/avito_task/internal/transport/jwt/jwt.go:23.54,28.2 1 1
github.com/nik-mLb/avito_task/internal/transport/jwt/jwt.go:30.68,45.2 5 1
github.com/nik-mLb/avito_task/internal/transport/jwt/jwt.go:47.70,48.107 1 1
github.com/nik-mLb/avito_task/internal/transport/jwt/jwt.go:48.107,49.58 1 1
github.com/nik-mLb/avito_task/internal/transport/jwt/jwt.go:49.58,51.4 1 0
github.com/nik-mLb/avito_task/internal/transport/jwt/jwt.go:52.3,52.29 1 1
github.com/nik-mLb/avito_task/internal/transport/jwt/jwt.go:55.2,55.16 1 1
github.com/nik-mLb/avito_task/internal/transport/jwt/jwt.go:55.16,57.3 1 0
github.com/nik-mLb/avito_task/internal/transport/jwt/jwt.go:59.2,59.64 1 1
github.com/nik-mLb/avito_task/internal/transport/jwt/jwt.go:59.64,61.3 1 1
github.com/nik-mLb/avito_task/internal/transport/jwt/jwt.go:63.2,63.34 1 0
github.com/nik-mLb/avito_task/internal/transport/middleware/jwt.go:19.79,20.46 1 1
github.com/nik-mLb/avito_task/internal/transport/middleware/jwt.go:20.46,21.72 1 1
github.com/nik-mLb/avito_task/internal/transport/middleware/jwt.go:21.72,24.18 2 1
github.com/nik-mLb/avito_task/internal/transport/middleware/jwt.go:24.18,27.5 2 0
github.com/nik-mLb/avito_task/internal/transport/middleware/jwt.go:30.4,31.18 2 1
github.com/nik-mLb/avito_task/internal/transport/middleware/jwt.go:31.18,34.5 2 0
github.com/nik-mLb/avito_task/internal/transport/middleware/jwt.go:37.4,41.41 3 1
github.com/nik-mLb/avito_task/internal/transport/middleware/logger.go:15.72,16.71 1 1
github.com/nik-mLb/avito_task/internal/transport/middleware/logger.go:16.71,37.16 9 1
github.com/nik-mLb/avito_task/internal/transport/middleware/logger.go:37.16,40.4 2 1
github.com/nik-mLb/avito_task/internal/transport/middleware/logger.go:42.3,42.40 1 1
github.com/nik-mLb/avito_task/internal/transport/middleware/role.go:9.77,10.46 1 1
github.com/nik-mLb/avito_task/internal/transport/middleware/role.go:10.46,11.72 1 1
github.com/nik-mLb/avito_task/internal/transport/middleware/role.go:11.72,14.11 2 1
github.com/nik-mLb/avito_task/internal/transport/middleware/role.go:14.11,17.5 2 0
github.com/nik-mLb/avito_task/internal/transport/middleware/role.go:20.4,21.35 2 1
github.com/nik-mLb/avito_task/internal/transport/middleware/role.go:21.35,22.18 1 1
github.com/nik-mLb/avito_task/internal/transport/middleware/role.go:22.18,24.11 2 1
github.com/nik-mLb/avito_task/internal/transport/middleware/role.go:28.4,28.16 1 1
github.com/nik-mLb/avito_task/internal/transport/middleware/role.go:28.16,31.5 2 0
github.com/nik-mLb/avito_task/internal/transport/middleware/role.go:33.4,33.24 1 1
github.com/nik-mLb/avito_task/internal/transport/middleware/logctx/logctx.go:10.76,12.2 1 1
github.com/nik-mLb/avito_task/internal/transport/middleware/logctx/logctx.go:14.51,15.70 1 1
github.com/nik-mLb/avito_task/internal/transport/middleware/logctx/logctx.go:15.70,17.3 1 1
github.com/nik-mLb/avito_task/internal/transport/middleware/logctx/logctx.go:19.2,19.38 1 0
github.com/nik-mLb/avito_task/internal/transport/pickup_point/pickup_point.go:27.71,29.2 1 1
github.com/nik-mLb/avito_task/internal/transport/pickup_point/pickup_point.go:31.88,36.61 4 1
github.com/nik-mLb/avito_task/internal/transport/pickup_point/pickup_point.go:36.61,40.3 3 0
github.com/nik-mLb/avito_task/internal/transport/pickup_point/pickup_point.go:42.2,43.16 2 1
github.com/nik-mLb/avito_task/internal/transport/pickup_point/pickup_point.go:43.16,45.14 2 0
github.com/nik-mLb/avito_task/internal/transport/pickup_point/pickup_point.go:46.31,47.81 1 0
github.com/nik-mLb/avito_task/internal/transport/pickup_point/pickup_point.go:48.11,49.102 1 0
github.com/nik-mLb/avito_task/internal/transport/pickup_point/pickup_point.go:51.3,51.9 1 0
github.com/nik-mLb/avito_task/internal/transport/pickup_point/pickup_point.go:54.2,54.76 1 1
github.com/nik-mLb/avito_task/internal/transport/pickup_point/pickup_point.go:57.100,65.56 5 0
github.com/nik-mLb/avito_task/internal/transport/pickup_point/pickup_point.go:65.56,66.63 1 0
github.com/nik-mLb/avito_task/internal/transport/pickup_point/pickup_point.go:66.63,68.4 1 0
github.com/nik-mLb/avito_task/internal/transport/pickup_point/pickup_point.go:68.9,70.4 1 0
github.com/nik-mLb/avito_task/internal/transport/pickup_point/pickup_point.go:72.2,72.50 1 0
github.com/nik-mLb/avito_task/internal/transport/pickup_point/pickup_point.go:72.50,73.61 1 0
github.com/nik-mLb/avito_task/internal/transport/pickup_point/pickup_point.go:73.61,75.4 1 0
github.com/nik-mLb/avito_task/internal/transport/pickup_point/pickup_point.go:75.9,77.4 1 0
github.com/nik-mLb/avito_task/internal/transport/pickup_point/pickup_point.go:81.2,82.14 2 0
github.com/nik-mLb/avito_task/internal/transport/pickup_point/pickup_point.go:82.14,84.3 1 0
github.com/nik-mLb/avito_task/internal/transport/pickup_point/pickup_point.go:86.2,87.29 2 0
github.com/nik-mLb/avito_task/internal/transport/pickup_point/pickup_point.go:87.29,89.3 1 0
github.com/nik-mLb/avito_task/internal/transport/pickup_point/pickup_point.go:92.2,93.16 2 0
github.com/nik-mLb/avito_task/internal/transport/pickup_point/pickup_point.go:93.16,97.3 3 0
github.com/nik-mLb/avito_task/internal/transport/pickup_point/pickup_point.go:100.2,101.30 2 0
github.com/nik-mLb/avito_task/internal/transport/pickup_point/pickup_point.go:101.30,103.39 2 0
github.com/nik-mLb/avito_task/internal/transport/pickup_point/pickup_point.go:103.39,108.4 1 0
github.com/nik-mLb/avito_task/internal/transport/pickup_point/pickup_point.go:110.3,113.5 1 0
github.com/nik-mLb/avito_task/internal/transport/pickup_point/pickup_point.go:116.2,116.64 1 0
github.com/nik-mLb/avito_task/internal/transport/product/product.go:26.59,28.2 1 1
github.com/nik-mLb/avito_task/internal/transport/product/product.go:30.77,35.61 4 1
github.com/nik-mLb/avito_task/internal/transport/product/product.go:35.61,39.3 3 0
github.com/nik-mLb/avito_task/internal/transport/product/product.go:41.2,42.16 2 1
github.com/nik-mLb/avito_task/internal/transport/product/product.go:42.16,44.14 2 0
github.com/nik-mLb/avito_task/internal/transport/product/product.go:45.34,46.90 1 0
github.com/nik-mLb/avito_task/internal/transport/product/product.go:47.11,48.95 1 0
github.com/nik-mLb/avito_task/internal/transport/product/product.go:50.3,50.9 1 0
github.com/nik-mLb/avito_task/internal/transport/product/product.go:53.2,53.72 1 1
github.com/nik-mLb/avito_task/internal/transport/product/product.go:56.84,64.19 6 0
github.com/nik-mLb/avito_task/internal/transport/product/product.go:64.19,66.14 2 0
github.com/nik-mLb/avito_task/internal/transport/product/product.go:67.35,68.115 1 0
github.com/nik-mLb/avito_task/internal/transport/product/product.go:69.11,70.98 1 0
github.com/nik-mLb/avito_task/internal/transport/product/product.go:72.3,72.9 1 0
github.com/nik-mLb/avito_task/internal/transport/product/product.go:75.5,75.33 1 0
github.com/nik-mLb/avito_task/internal/transport/reception/reception.go:26.65,28.2 1 1
github.com/nik-mLb/avito_task/internal/transport/reception/reception.go:30.84,35.61 4 1
github.com/nik-mLb/avito_task/internal/transport/reception/reception.go:35.61,39.3 3 0
github.com/nik-mLb/avito_task/internal/transport/reception/reception.go:41.2,42.16 2 1
github.com/nik-mLb/avito_task/internal/transport/reception/reception.go:42.16,44.14 2 0
github.com/nik-mLb/avito_task/internal/transport/reception/reception.go:45.38,46.96 1 0
github.com/nik-mLb/avito_task/internal/transport/reception/reception.go:47.11,48.100 1 0
github.com/nik-mLb/avito_task/internal/transport/reception/reception.go:50.3,50.9 1 0
github.com/nik-mLb/avito_task/internal/transport/reception/reception.go:53.2,53.74 1 1
github.com/nik-mLb/avito_task/internal/transport/reception/reception.go:56.83,64.19 6 1
github.com/nik-mLb/avito_task/internal/transport/reception/reception.go:64.19,66.14 2 0
github.com/nik-mLb/avito_task/internal/transport/reception/reception.go:67.41,68.93 1 0
github.com/nik-mLb/avito_task/internal/transport/reception/reception.go:69.11,70.99 1 0
github.com/nik-mLb/avito_task/internal/transport/reception/reception.go:72.3,72.9 1 0
github.com/nik-mLb/avito_task/internal/transport/reception/reception.go:75.2,75.69 1 1
github.com/nik-mLb/avito_task/internal/transport/utils/response.go:12.88,17.16 4 0
github.com/nik-mLb/avito_task/internal/transport/utils/response.go:17.16,20.3 2 0
github.com/nik-mLb/avito_task/internal/transport/utils/response.go:22.2,22.41 1 0
github.com/nik-mLb/avito_task/internal/transport/utils/response.go:22.41,24.3 1 0
github.com/nik-mLb/avito_task/internal/transport/utils/response.go:27.93,28.17 1 1
github.com/nik-mLb/avito_task/internal/transport/utils/response.go:28.17,31.3 2 0
github.com/nik-mLb/avito_task/internal/transport/utils/response.go:33.2,35.16 3 1
github.com/nik-mLb/avito_task/internal/transport/utils/response.go:35.16,39.3 3 0
github.com/nik-mLb/avito_task/internal/transport/utils/response.go:41.2,42.41 2 1
github.com/nik-mLb/avito_task/internal/transport/utils/response.go:42.41,44.3 1 0
github.com/nik-mLb/avito_task/internal/usecase/auth/auth.go:33.70,38.2 1 1
github.com/nik-mLb/avito_task/internal/usecase/auth/auth.go:40.98,45.16 4 1
github.com/nik-mLb/avito_task/internal/usecase/auth/auth.go:45.16,48.3 2 0
github.com/nik-mLb/avito_task/internal/usecase/auth/auth.go:49.2,49.17 1 1
github.com/nik-mLb/avito_task/internal/usecase/auth/auth.go:49.17,52.3 2 0
github.com/nik-mLb/avito_task/internal/usecase/auth/auth.go:54.2,54.91 1 1
github.com/nik-mLb/avito_task/internal/usecase/auth/auth.go:54.91,57.3 2 0
github.com/nik-mLb/avito_task/internal/usecase/auth/auth.go:59.2,60.16 2 1
github.com/nik-mLb/avito_task/internal/usecase/auth/auth.go:60.16,63.3 2 0
github.com/nik-mLb/avito_task/internal/usecase/auth/auth.go:65.2,65.19 1 1
github.com/nik-mLb/avito_task/internal/usecase/auth/auth.go:68.100,75.25 3 1
github.com/nik-mLb/avito_task/internal/usecase/auth/auth.go:75.25,78.3 2 0
github.com/nik-mLb/avito_task/internal/usecase/auth/auth.go:80.2,81.16 2 1
github.com/nik-mLb/avito_task/internal/usecase/auth/auth.go:81.16,84.3 2 0
github.com/nik-mLb/avito_task/internal/usecase/auth/auth.go:86.2,87.16 2 1
github.com/nik-mLb/avito_task/internal/usecase/auth/auth.go:87.16,90.3 2 0
github.com/nik-mLb/avito_task/internal/usecase/auth/auth.go:92.2,93.16 2 1
github.com/nik-mLb/avito_task/internal/usecase/auth/auth.go:93.16,96.3 2 0
github.com/nik-mLb/avito_task/internal/usecase/auth/auth.go:98.2,98.19 1 1
github.com/nik-mLb/avito_task/internal/usecase/auth/auth.go:101.64,106.16 4 0
github.com/nik-mLb/avito_task/internal/usecase/auth/auth.go:106.16,109.3 2 0
github.com/nik-mLb/avito_task/internal/usecase/auth/auth.go:111.2,111.19 1 0
github.com/nik-mLb/avito_task/internal/usecase/pickup_point/pickup_point.go:31.76,33.2 1 1
github.com/nik-mLb/avito_task/internal/usecase/pickup_point/pickup_point.go:35.112,39.26 3 1
github.com/nik-mLb/avito_task/internal/usecase/pickup_point/pickup_point.go:39.26,42.3 2 0
github.com/nik-mLb/avito_task/internal/usecase/pickup_point/pickup_point.go:44.2,45.16 2 1
github.com/nik-mLb/avito_task/internal/usecase/pickup_point/pickup_point.go:45.16,48.3 2 0
github.com/nik-mLb/avito_task/internal/usecase/pickup_point/pickup_point.go:50.2,50.17 1 1
github.com/nik-mLb/avito_task/internal/usecase/pickup_point/pickup_point.go:53.169,62.14 3 0
github.com/nik-mLb/avito_task/internal/usecase/pickup_point/pickup_point.go:62.14,64.6 1 0
github.com/nik-mLb/avito_task/internal/usecase/pickup_point/pickup_point.go:65.5,65.32 1 0
github.com/nik-mLb/avito_task/internal/usecase/pickup_point/pickup_point.go:65.32,67.6 1 0
github.com/nik-mLb/avito_task/internal/usecase/pickup_point/pickup_point.go:69.5,70.16 2 0
github.com/nik-mLb/avito_task/internal/usecase/pickup_point/pickup_point.go:70.16,73.3 2 0
github.com/nik-mLb/avito_task/internal/usecase/pickup_point/pickup_point.go:75.2,75.18 1 0
github.com/nik-mLb/avito_task/internal/usecase/product/product.go:22.64,24.2 1 1
github.com/nik-mLb/avito_task/internal/usecase/product/product.go:26.111,34.16 4 1
github.com/nik-mLb/avito_task/internal/usecase/product/product.go:34.16,37.3 2 0
github.com/nik-mLb/avito_task/internal/usecase/product/product.go:39.2,39.41 1 1
github.com/nik-mLb/avito_task/internal/usecase/product/product.go:40.57,40.57 0 1
github.com/nik-mLb/avito_task/internal/usecase/product/product.go:42.10,44.66 2 0
github.com/nik-mLb/avito_task/internal/usecase/product/product.go:47.2,48.16 2 1
github.com/nik-mLb/avito_task/internal/usecase/product/product.go:48.16,51.3 2 0
github.com/nik-mLb/avito_task/internal/usecase/product/product.go:53.2,53.21 1 1
github.com/nik-mLb/avito_task/internal/usecase/product/product.go:56.86,61.16 4 0
github.com/nik-mLb/avito_task/internal/usecase/product/product.go:61.16,64.3 2 0
github.com/nik-mLb/avito_task/internal/usecase/product/product.go:66.2,67.16 2 0
github.com/nik-mLb/avito_task/internal/usecase/product/product.go:67.16,70.3 2 0
github.com/nik-mLb/avito_task/internal/usecase/product/product.go:72.2,72.12 1 0
github.com/nik-mLb/avito_task/internal/usecase/reception/reception.go:22.70,24.2 1 1
github.com/nik-mLb/avito_task/internal/usecase/reception/reception.go:26.107,31.16 4 1
github.com/nik-mLb/avito_task/internal/usecase/reception/reception.go:31.16,34.3 2 0
github.com/nik-mLb/avito_task/internal/usecase/reception/reception.go:36.2,39.16 3 1
github.com/nik-mLb/avito_task/internal/usecase/reception/reception.go:39.16,42.3 2 0
github.com/nik-mLb/avito_task/internal/usecase/reception/reception.go:44.2,44.23 1 1
github.com/nik-mLb/avito_task/internal/usecase/reception/reception.go:47.106,52.16 4 1
github.com/nik-mLb/avito_task/internal/usecase/reception/reception.go:52.16,55.3 2 0
github.com/nik-mLb/avito_task/internal/usecase/reception/reception.go:57.2,58.16 2 1
github.com/nik-mLb/avito_task/internal/usecase/reception/reception.go:58.16,61.3 2 0
github.com/nik-mLb/avito_task/internal/usecase/reception/reception.go:63.2,63.23 1 1
